{"/Users/moinaksaha/Personal/git/goExchange/challenges/src/App.js": {"path":"/Users/moinaksaha/Personal/git/goExchange/challenges/src/App.js","statementMap":{},"fnMap":{},"branchMap":{},"s":{},"f":{},"b":{}}
,"/Users/moinaksaha/Personal/git/goExchange/challenges/src/index.js": {"path":"/Users/moinaksaha/Personal/git/goExchange/challenges/src/index.js","statementMap":{"0":{"start":{"line":11,"column":0},"end":{"line":16,"column":2}}},"fnMap":{},"branchMap":{},"s":{"0":0},"f":{},"b":{}}
,"/Users/moinaksaha/Personal/git/goExchange/challenges/src/components/ButtonPrimary/index.js": {"path":"/Users/moinaksaha/Personal/git/goExchange/challenges/src/components/ButtonPrimary/index.js","statementMap":{"0":{"start":{"line":6,"column":22},"end":{"line":24,"column":1}},"1":{"start":{"line":26,"column":22},"end":{"line":30,"column":1}},"2":{"start":{"line":27,"column":2},"end":{"line":29,"column":18}},"3":{"start":{"line":32,"column":0},"end":{"line":34,"column":2}},"4":{"start":{"line":36,"column":0},"end":{"line":38,"column":2}}},"fnMap":{"0":{"name":"(anonymous_0)","decl":{"start":{"line":26,"column":22},"end":{"line":26,"column":23}},"loc":{"start":{"line":27,"column":2},"end":{"line":29,"column":18}},"line":27}},"branchMap":{},"s":{"0":5,"1":5,"2":2,"3":5,"4":5},"f":{"0":2},"b":{},"_coverageSchema":"43e27e138ebf9cfc5966b082cf9a028302ed4184","hash":"fe4b21a8684c03bc035369480300078009eae369"}
,"/Users/moinaksaha/Personal/git/goExchange/challenges/src/components/Card/index.js": {"path":"/Users/moinaksaha/Personal/git/goExchange/challenges/src/components/Card/index.js","statementMap":{"0":{"start":{"line":15,"column":18},"end":{"line":25,"column":1}},"1":{"start":{"line":17,"column":35},"end":{"line":17,"column":44}},"2":{"start":{"line":27,"column":20},"end":{"line":33,"column":1}},"3":{"start":{"line":35,"column":18},"end":{"line":48,"column":1}},"4":{"start":{"line":50,"column":17},"end":{"line":55,"column":1}},"5":{"start":{"line":57,"column":20},"end":{"line":60,"column":1}},"6":{"start":{"line":62,"column":34},"end":{"line":66,"column":1}},"7":{"start":{"line":71,"column":4},"end":{"line":71,"column":17}},"8":{"start":{"line":72,"column":4},"end":{"line":74,"column":5}},"9":{"start":{"line":78,"column":4},"end":{"line":80,"column":6}},"10":{"start":{"line":84,"column":4},"end":{"line":86,"column":6}},"11":{"start":{"line":90,"column":32},"end":{"line":90,"column":42}},"12":{"start":{"line":91,"column":34},"end":{"line":91,"column":44}},"13":{"start":{"line":92,"column":37},"end":{"line":92,"column":70}},"14":{"start":{"line":94,"column":4},"end":{"line":118,"column":6}},"15":{"start":{"line":122,"column":0},"end":{"line":125,"column":2}},"16":{"start":{"line":127,"column":0},"end":{"line":135,"column":2}}},"fnMap":{"0":{"name":"(anonymous_0)","decl":{"start":{"line":17,"column":26},"end":{"line":17,"column":27}},"loc":{"start":{"line":17,"column":35},"end":{"line":17,"column":44}},"line":17},"1":{"name":"(anonymous_1)","decl":{"start":{"line":70,"column":2},"end":{"line":70,"column":3}},"loc":{"start":{"line":70,"column":21},"end":{"line":75,"column":3}},"line":70},"2":{"name":"(anonymous_2)","decl":{"start":{"line":77,"column":22},"end":{"line":77,"column":23}},"loc":{"start":{"line":77,"column":28},"end":{"line":81,"column":3}},"line":77},"3":{"name":"(anonymous_3)","decl":{"start":{"line":83,"column":22},"end":{"line":83,"column":23}},"loc":{"start":{"line":83,"column":28},"end":{"line":87,"column":3}},"line":83},"4":{"name":"(anonymous_4)","decl":{"start":{"line":89,"column":2},"end":{"line":89,"column":3}},"loc":{"start":{"line":89,"column":11},"end":{"line":119,"column":3}},"line":89}},"branchMap":{"0":{"loc":{"start":{"line":106,"column":15},"end":{"line":109,"column":44}},"type":"binary-expr","locations":[{"start":{"line":106,"column":15},"end":{"line":106,"column":39}},{"start":{"line":107,"column":16},"end":{"line":109,"column":44}}],"line":106}},"s":{"0":3,"1":0,"2":3,"3":3,"4":3,"5":3,"6":3,"7":2,"8":2,"9":0,"10":0,"11":2,"12":2,"13":2,"14":2,"15":3,"16":3},"f":{"0":0,"1":2,"2":0,"3":0,"4":2},"b":{"0":[2,0]},"_coverageSchema":"43e27e138ebf9cfc5966b082cf9a028302ed4184","hash":"82fbc6e74fa37c81bce308899cf4c6216f41d0f3"}
,"/Users/moinaksaha/Personal/git/goExchange/challenges/src/components/DonationPage/index.js": {"path":"/Users/moinaksaha/Personal/git/goExchange/challenges/src/components/DonationPage/index.js","statementMap":{"0":{"start":{"line":22,"column":21},"end":{"line":27,"column":1}},"1":{"start":{"line":31,"column":53},"end":{"line":31,"column":63}},"2":{"start":{"line":32,"column":4},"end":{"line":32,"column":24}},"3":{"start":{"line":33,"column":4},"end":{"line":33,"column":24}},"4":{"start":{"line":37,"column":29},"end":{"line":37,"column":39}},"5":{"start":{"line":38,"column":4},"end":{"line":40,"column":5}},"6":{"start":{"line":39,"column":6},"end":{"line":39,"column":79}},"7":{"start":{"line":39,"column":48},"end":{"line":39,"column":78}},"8":{"start":{"line":41,"column":4},"end":{"line":41,"column":14}},"9":{"start":{"line":45,"column":43},"end":{"line":45,"column":53}},"10":{"start":{"line":47,"column":4},"end":{"line":49,"column":5}},"11":{"start":{"line":48,"column":6},"end":{"line":48,"column":37}},"12":{"start":{"line":51,"column":4},"end":{"line":53,"column":5}},"13":{"start":{"line":52,"column":6},"end":{"line":52,"column":43}},"14":{"start":{"line":54,"column":4},"end":{"line":56,"column":5}},"15":{"start":{"line":55,"column":6},"end":{"line":55,"column":39}},"16":{"start":{"line":65,"column":26},"end":{"line":67,"column":10}},"17":{"start":{"line":69,"column":4},"end":{"line":87,"column":6}},"18":{"start":{"line":77,"column":12},"end":{"line":83,"column":13}},"19":{"start":{"line":91,"column":0},"end":{"line":96,"column":2}},"20":{"start":{"line":98,"column":24},"end":{"line":103,"column":1}},"21":{"start":{"line":99,"column":2},"end":{"line":102,"column":4}},"22":{"start":{"line":105,"column":27},"end":{"line":112,"column":3}},"23":{"start":{"line":106,"column":2},"end":{"line":112,"column":3}}},"fnMap":{"0":{"name":"(anonymous_0)","decl":{"start":{"line":30,"column":2},"end":{"line":30,"column":3}},"loc":{"start":{"line":30,"column":22},"end":{"line":34,"column":3}},"line":30},"1":{"name":"(anonymous_1)","decl":{"start":{"line":36,"column":23},"end":{"line":36,"column":24}},"loc":{"start":{"line":36,"column":38},"end":{"line":42,"column":3}},"line":36},"2":{"name":"(anonymous_2)","decl":{"start":{"line":39,"column":38},"end":{"line":39,"column":39}},"loc":{"start":{"line":39,"column":48},"end":{"line":39,"column":78}},"line":39},"3":{"name":"(anonymous_3)","decl":{"start":{"line":44,"column":2},"end":{"line":44,"column":3}},"loc":{"start":{"line":44,"column":11},"end":{"line":88,"column":3}},"line":44},"4":{"name":"(anonymous_4)","decl":{"start":{"line":76,"column":33},"end":{"line":76,"column":34}},"loc":{"start":{"line":76,"column":43},"end":{"line":84,"column":11}},"line":76},"5":{"name":"(anonymous_5)","decl":{"start":{"line":98,"column":24},"end":{"line":98,"column":25}},"loc":{"start":{"line":98,"column":33},"end":{"line":103,"column":1}},"line":98},"6":{"name":"(anonymous_6)","decl":{"start":{"line":105,"column":27},"end":{"line":105,"column":28}},"loc":{"start":{"line":106,"column":2},"end":{"line":112,"column":3}},"line":106}},"branchMap":{"0":{"loc":{"start":{"line":38,"column":4},"end":{"line":40,"column":5}},"type":"if","locations":[{"start":{"line":38,"column":4},"end":{"line":40,"column":5}},{"start":{"line":38,"column":4},"end":{"line":40,"column":5}}],"line":38},"1":{"loc":{"start":{"line":38,"column":8},"end":{"line":38,"column":75}},"type":"binary-expr","locations":[{"start":{"line":38,"column":8},"end":{"line":38,"column":20}},{"start":{"line":38,"column":24},"end":{"line":38,"column":41}},{"start":{"line":38,"column":45},"end":{"line":38,"column":75}}],"line":38},"2":{"loc":{"start":{"line":47,"column":4},"end":{"line":49,"column":5}},"type":"if","locations":[{"start":{"line":47,"column":4},"end":{"line":49,"column":5}},{"start":{"line":47,"column":4},"end":{"line":49,"column":5}}],"line":47},"3":{"loc":{"start":{"line":51,"column":4},"end":{"line":53,"column":5}},"type":"if","locations":[{"start":{"line":51,"column":4},"end":{"line":53,"column":5}},{"start":{"line":51,"column":4},"end":{"line":53,"column":5}}],"line":51},"4":{"loc":{"start":{"line":54,"column":4},"end":{"line":56,"column":5}},"type":"if","locations":[{"start":{"line":54,"column":4},"end":{"line":56,"column":5}},{"start":{"line":54,"column":4},"end":{"line":56,"column":5}}],"line":54},"5":{"loc":{"start":{"line":54,"column":8},"end":{"line":54,"column":77}},"type":"binary-expr","locations":[{"start":{"line":54,"column":8},"end":{"line":54,"column":21}},{"start":{"line":54,"column":25},"end":{"line":54,"column":43}},{"start":{"line":54,"column":47},"end":{"line":54,"column":77}}],"line":54},"6":{"loc":{"start":{"line":65,"column":26},"end":{"line":67,"column":10}},"type":"cond-expr","locations":[{"start":{"line":66,"column":6},"end":{"line":66,"column":53}},{"start":{"line":67,"column":6},"end":{"line":67,"column":10}}],"line":65},"7":{"loc":{"start":{"line":65,"column":27},"end":{"line":65,"column":94}},"type":"binary-expr","locations":[{"start":{"line":65,"column":27},"end":{"line":65,"column":39}},{"start":{"line":65,"column":43},"end":{"line":65,"column":60}},{"start":{"line":65,"column":64},"end":{"line":65,"column":94}}],"line":65}},"s":{"0":2,"1":0,"2":0,"3":0,"4":0,"5":0,"6":0,"7":0,"8":0,"9":0,"10":0,"11":0,"12":0,"13":0,"14":0,"15":0,"16":0,"17":0,"18":0,"19":2,"20":2,"21":0,"22":2,"23":0},"f":{"0":0,"1":0,"2":0,"3":0,"4":0,"5":0,"6":0},"b":{"0":[0,0],"1":[0,0,0],"2":[0,0],"3":[0,0],"4":[0,0],"5":[0,0,0],"6":[0,0],"7":[0,0,0]},"_coverageSchema":"43e27e138ebf9cfc5966b082cf9a028302ed4184","hash":"194f6e3b5af2b64d21db2823c356d3686e7f9887"}
,"/Users/moinaksaha/Personal/git/goExchange/challenges/src/components/GenericMessage/index.js": {"path":"/Users/moinaksaha/Personal/git/goExchange/challenges/src/components/GenericMessage/index.js","statementMap":{"0":{"start":{"line":7,"column":23},"end":{"line":9,"column":1}},"1":{"start":{"line":8,"column":22},"end":{"line":8,"column":38}},"2":{"start":{"line":11,"column":0},"end":{"line":15,"column":2}},"3":{"start":{"line":17,"column":24},"end":{"line":44,"column":1}},"4":{"start":{"line":18,"column":2},"end":{"line":43,"column":3}},"5":{"start":{"line":20,"column":6},"end":{"line":22,"column":7}},"6":{"start":{"line":24,"column":6},"end":{"line":26,"column":7}},"7":{"start":{"line":28,"column":6},"end":{"line":30,"column":7}},"8":{"start":{"line":32,"column":6},"end":{"line":34,"column":7}},"9":{"start":{"line":36,"column":6},"end":{"line":38,"column":7}},"10":{"start":{"line":40,"column":6},"end":{"line":42,"column":7}},"11":{"start":{"line":46,"column":23},"end":{"line":52,"column":1}},"12":{"start":{"line":47,"column":2},"end":{"line":51,"column":18}},"13":{"start":{"line":54,"column":0},"end":{"line":57,"column":2}},"14":{"start":{"line":59,"column":0},"end":{"line":62,"column":2}}},"fnMap":{"0":{"name":"(anonymous_0)","decl":{"start":{"line":8,"column":13},"end":{"line":8,"column":14}},"loc":{"start":{"line":8,"column":22},"end":{"line":8,"column":38}},"line":8},"1":{"name":"(anonymous_1)","decl":{"start":{"line":17,"column":24},"end":{"line":17,"column":25}},"loc":{"start":{"line":17,"column":34},"end":{"line":44,"column":1}},"line":17},"2":{"name":"(anonymous_2)","decl":{"start":{"line":46,"column":23},"end":{"line":46,"column":24}},"loc":{"start":{"line":47,"column":2},"end":{"line":51,"column":18}},"line":47}},"branchMap":{"0":{"loc":{"start":{"line":18,"column":2},"end":{"line":43,"column":3}},"type":"switch","locations":[{"start":{"line":19,"column":4},"end":{"line":22,"column":7}},{"start":{"line":23,"column":4},"end":{"line":26,"column":7}},{"start":{"line":27,"column":4},"end":{"line":30,"column":7}},{"start":{"line":31,"column":4},"end":{"line":34,"column":7}},{"start":{"line":35,"column":4},"end":{"line":38,"column":7}},{"start":{"line":39,"column":4},"end":{"line":42,"column":7}}],"line":18}},"s":{"0":5,"1":0,"2":5,"3":5,"4":2,"5":0,"6":0,"7":0,"8":0,"9":2,"10":0,"11":5,"12":2,"13":5,"14":5},"f":{"0":0,"1":2,"2":2},"b":{"0":[0,0,0,0,2,0]},"_coverageSchema":"43e27e138ebf9cfc5966b082cf9a028302ed4184","hash":"e6a83ac47e1be700cc71293edab0bff51be33705"}
,"/Users/moinaksaha/Personal/git/goExchange/challenges/src/components/Header/index.js": {"path":"/Users/moinaksaha/Personal/git/goExchange/challenges/src/components/Header/index.js","statementMap":{"0":{"start":{"line":7,"column":22},"end":{"line":10,"column":1}},"1":{"start":{"line":12,"column":20},"end":{"line":16,"column":1}},"2":{"start":{"line":18,"column":22},"end":{"line":23,"column":1}},"3":{"start":{"line":25,"column":15},"end":{"line":49,"column":1}},"4":{"start":{"line":26,"column":2},"end":{"line":47,"column":3}},"5":{"start":{"line":27,"column":31},"end":{"line":27,"column":33}},"6":{"start":{"line":29,"column":4},"end":{"line":33,"column":7}},"7":{"start":{"line":30,"column":6},"end":{"line":32,"column":38}},"8":{"start":{"line":35,"column":4},"end":{"line":46,"column":6}},"9":{"start":{"line":48,"column":2},"end":{"line":48,"column":14}},"10":{"start":{"line":51,"column":0},"end":{"line":53,"column":2}},"11":{"start":{"line":55,"column":0},"end":{"line":57,"column":2}}},"fnMap":{"0":{"name":"(anonymous_0)","decl":{"start":{"line":25,"column":15},"end":{"line":25,"column":16}},"loc":{"start":{"line":25,"column":38},"end":{"line":49,"column":1}},"line":25},"1":{"name":"(anonymous_1)","decl":{"start":{"line":29,"column":39},"end":{"line":29,"column":40}},"loc":{"start":{"line":29,"column":59},"end":{"line":33,"column":5}},"line":29}},"branchMap":{"0":{"loc":{"start":{"line":26,"column":2},"end":{"line":47,"column":3}},"type":"if","locations":[{"start":{"line":26,"column":2},"end":{"line":47,"column":3}},{"start":{"line":26,"column":2},"end":{"line":47,"column":3}}],"line":26},"1":{"loc":{"start":{"line":30,"column":29},"end":{"line":32,"column":38}},"type":"cond-expr","locations":[{"start":{"line":31,"column":8},"end":{"line":31,"column":63}},{"start":{"line":32,"column":8},"end":{"line":32,"column":38}}],"line":30},"2":{"loc":{"start":{"line":40,"column":9},"end":{"line":43,"column":26}},"type":"binary-expr","locations":[{"start":{"line":40,"column":9},"end":{"line":40,"column":22}},{"start":{"line":41,"column":10},"end":{"line":43,"column":26}}],"line":40}},"s":{"0":3,"1":3,"2":3,"3":3,"4":2,"5":2,"6":2,"7":0,"8":2,"9":0,"10":3,"11":3},"f":{"0":2,"1":0},"b":{"0":[2,0],"1":[0,0],"2":[2,2]},"_coverageSchema":"43e27e138ebf9cfc5966b082cf9a028302ed4184","hash":"8b010d08cb191e2accce706672d438a59750d077"}
,"/Users/moinaksaha/Personal/git/goExchange/challenges/src/components/PaymentMask/index.js": {"path":"/Users/moinaksaha/Personal/git/goExchange/challenges/src/components/PaymentMask/index.js","statementMap":{"0":{"start":{"line":23,"column":15},"end":{"line":30,"column":1}},"1":{"start":{"line":32,"column":13},"end":{"line":53,"column":1}},"2":{"start":{"line":55,"column":28},"end":{"line":63,"column":1}},"3":{"start":{"line":65,"column":27},"end":{"line":72,"column":1}},"4":{"start":{"line":74,"column":23},"end":{"line":79,"column":1}},"5":{"start":{"line":81,"column":20},"end":{"line":87,"column":1}},"6":{"start":{"line":92,"column":4},"end":{"line":92,"column":17}},"7":{"start":{"line":93,"column":4},"end":{"line":97,"column":5}},"8":{"start":{"line":101,"column":4},"end":{"line":105,"column":5}},"9":{"start":{"line":102,"column":6},"end":{"line":104,"column":15}},"10":{"start":{"line":103,"column":8},"end":{"line":103,"column":32}},"11":{"start":{"line":109,"column":4},"end":{"line":109,"column":29}},"12":{"start":{"line":110,"column":43},"end":{"line":110,"column":53}},"13":{"start":{"line":111,"column":4},"end":{"line":111,"column":33}},"14":{"start":{"line":112,"column":4},"end":{"line":112,"column":28}},"15":{"start":{"line":116,"column":4},"end":{"line":120,"column":6}},"16":{"start":{"line":124,"column":6},"end":{"line":124,"column":30}},"17":{"start":{"line":125,"column":41},"end":{"line":125,"column":51}},"18":{"start":{"line":126,"column":6},"end":{"line":126,"column":31}},"19":{"start":{"line":130,"column":36},"end":{"line":130,"column":46}},"20":{"start":{"line":131,"column":33},"end":{"line":131,"column":43}},"21":{"start":{"line":132,"column":21},"end":{"line":132,"column":39}},"22":{"start":{"line":133,"column":6},"end":{"line":148,"column":7}},"23":{"start":{"line":134,"column":8},"end":{"line":136,"column":10}},"24":{"start":{"line":137,"column":8},"end":{"line":142,"column":10}},"25":{"start":{"line":144,"column":8},"end":{"line":144,"column":57}},"26":{"start":{"line":145,"column":8},"end":{"line":147,"column":10}},"27":{"start":{"line":152,"column":6},"end":{"line":155,"column":8}},"28":{"start":{"line":159,"column":47},"end":{"line":159,"column":57}},"29":{"start":{"line":160,"column":63},"end":{"line":160,"column":73}},"30":{"start":{"line":162,"column":6},"end":{"line":164,"column":7}},"31":{"start":{"line":163,"column":8},"end":{"line":163,"column":20}},"32":{"start":{"line":166,"column":23},"end":{"line":176,"column":8}},"33":{"start":{"line":167,"column":8},"end":{"line":175,"column":16}},"34":{"start":{"line":178,"column":6},"end":{"line":220,"column":7}},"35":{"start":{"line":179,"column":8},"end":{"line":191,"column":9}},"36":{"start":{"line":180,"column":10},"end":{"line":190,"column":11}},"37":{"start":{"line":193,"column":8},"end":{"line":204,"column":9}},"38":{"start":{"line":194,"column":10},"end":{"line":203,"column":11}},"39":{"start":{"line":206,"column":8},"end":{"line":217,"column":9}},"40":{"start":{"line":207,"column":10},"end":{"line":216,"column":11}},"41":{"start":{"line":219,"column":8},"end":{"line":219,"column":20}},"42":{"start":{"line":222,"column":6},"end":{"line":238,"column":7}},"43":{"start":{"line":242,"column":0},"end":{"line":254,"column":2}},"44":{"start":{"line":256,"column":0},"end":{"line":258,"column":2}},"45":{"start":{"line":260,"column":24},"end":{"line":264,"column":1}},"46":{"start":{"line":261,"column":2},"end":{"line":263,"column":4}},"47":{"start":{"line":266,"column":27},"end":{"line":273,"column":3}},"48":{"start":{"line":267,"column":2},"end":{"line":273,"column":3}}},"fnMap":{"0":{"name":"(anonymous_0)","decl":{"start":{"line":91,"column":2},"end":{"line":91,"column":3}},"loc":{"start":{"line":91,"column":21},"end":{"line":98,"column":3}},"line":91},"1":{"name":"(anonymous_1)","decl":{"start":{"line":100,"column":23},"end":{"line":100,"column":24}},"loc":{"start":{"line":100,"column":36},"end":{"line":106,"column":3}},"line":100},"2":{"name":"(anonymous_2)","decl":{"start":{"line":102,"column":17},"end":{"line":102,"column":18}},"loc":{"start":{"line":102,"column":23},"end":{"line":104,"column":7}},"line":102},"3":{"name":"(anonymous_3)","decl":{"start":{"line":108,"column":21},"end":{"line":108,"column":22}},"loc":{"start":{"line":108,"column":27},"end":{"line":113,"column":3}},"line":108},"4":{"name":"(anonymous_4)","decl":{"start":{"line":115,"column":21},"end":{"line":115,"column":22}},"loc":{"start":{"line":115,"column":27},"end":{"line":121,"column":3}},"line":115},"5":{"name":"(anonymous_5)","decl":{"start":{"line":123,"column":24},"end":{"line":123,"column":25}},"loc":{"start":{"line":123,"column":30},"end":{"line":127,"column":5}},"line":123},"6":{"name":"(anonymous_6)","decl":{"start":{"line":129,"column":22},"end":{"line":129,"column":23}},"loc":{"start":{"line":129,"column":28},"end":{"line":149,"column":5}},"line":129},"7":{"name":"(anonymous_7)","decl":{"start":{"line":151,"column":31},"end":{"line":151,"column":32}},"loc":{"start":{"line":151,"column":42},"end":{"line":156,"column":5}},"line":151},"8":{"name":"(anonymous_8)","decl":{"start":{"line":158,"column":4},"end":{"line":158,"column":5}},"loc":{"start":{"line":158,"column":13},"end":{"line":239,"column":5}},"line":158},"9":{"name":"(anonymous_9)","decl":{"start":{"line":166,"column":50},"end":{"line":166,"column":51}},"loc":{"start":{"line":167,"column":8},"end":{"line":175,"column":16}},"line":167},"10":{"name":"(anonymous_10)","decl":{"start":{"line":260,"column":24},"end":{"line":260,"column":25}},"loc":{"start":{"line":260,"column":33},"end":{"line":264,"column":1}},"line":260},"11":{"name":"(anonymous_11)","decl":{"start":{"line":266,"column":27},"end":{"line":266,"column":28}},"loc":{"start":{"line":267,"column":2},"end":{"line":273,"column":3}},"line":267}},"branchMap":{"0":{"loc":{"start":{"line":101,"column":4},"end":{"line":105,"column":5}},"type":"if","locations":[{"start":{"line":101,"column":4},"end":{"line":105,"column":5}},{"start":{"line":101,"column":4},"end":{"line":105,"column":5}}],"line":101},"1":{"loc":{"start":{"line":101,"column":8},"end":{"line":101,"column":94}},"type":"binary-expr","locations":[{"start":{"line":101,"column":8},"end":{"line":101,"column":48}},{"start":{"line":101,"column":52},"end":{"line":101,"column":94}}],"line":101},"2":{"loc":{"start":{"line":133,"column":6},"end":{"line":148,"column":7}},"type":"if","locations":[{"start":{"line":133,"column":6},"end":{"line":148,"column":7}},{"start":{"line":133,"column":6},"end":{"line":148,"column":7}}],"line":133},"3":{"loc":{"start":{"line":162,"column":6},"end":{"line":164,"column":7}},"type":"if","locations":[{"start":{"line":162,"column":6},"end":{"line":164,"column":7}},{"start":{"line":162,"column":6},"end":{"line":164,"column":7}}],"line":162},"4":{"loc":{"start":{"line":178,"column":6},"end":{"line":220,"column":7}},"type":"if","locations":[{"start":{"line":178,"column":6},"end":{"line":220,"column":7}},{"start":{"line":178,"column":6},"end":{"line":220,"column":7}}],"line":178},"5":{"loc":{"start":{"line":179,"column":8},"end":{"line":191,"column":9}},"type":"if","locations":[{"start":{"line":179,"column":8},"end":{"line":191,"column":9}},{"start":{"line":179,"column":8},"end":{"line":191,"column":9}}],"line":179},"6":{"loc":{"start":{"line":193,"column":8},"end":{"line":204,"column":9}},"type":"if","locations":[{"start":{"line":193,"column":8},"end":{"line":204,"column":9}},{"start":{"line":193,"column":8},"end":{"line":204,"column":9}}],"line":193},"7":{"loc":{"start":{"line":206,"column":8},"end":{"line":217,"column":9}},"type":"if","locations":[{"start":{"line":206,"column":8},"end":{"line":217,"column":9}},{"start":{"line":206,"column":8},"end":{"line":217,"column":9}}],"line":206},"8":{"loc":{"start":{"line":232,"column":11},"end":{"line":235,"column":26}},"type":"binary-expr","locations":[{"start":{"line":232,"column":11},"end":{"line":232,"column":20}},{"start":{"line":233,"column":12},"end":{"line":235,"column":26}}],"line":232}},"s":{"0":4,"1":4,"2":4,"3":4,"4":4,"5":4,"6":0,"7":0,"8":0,"9":0,"10":0,"11":0,"12":0,"13":0,"14":0,"15":0,"16":0,"17":0,"18":0,"19":0,"20":0,"21":0,"22":0,"23":0,"24":0,"25":0,"26":0,"27":0,"28":0,"29":0,"30":0,"31":0,"32":0,"33":0,"34":0,"35":0,"36":0,"37":0,"38":0,"39":0,"40":0,"41":0,"42":0,"43":4,"44":4,"45":4,"46":0,"47":4,"48":0},"f":{"0":0,"1":0,"2":0,"3":0,"4":0,"5":0,"6":0,"7":0,"8":0,"9":0,"10":0,"11":0},"b":{"0":[0,0],"1":[0,0],"2":[0,0],"3":[0,0],"4":[0,0],"5":[0,0],"6":[0,0],"7":[0,0],"8":[0,0]},"_coverageSchema":"43e27e138ebf9cfc5966b082cf9a028302ed4184","hash":"78092b4a64a1d5ef78527d82eb3808b382332715"}
,"/Users/moinaksaha/Personal/git/goExchange/challenges/src/containers/App/index.js": {"path":"/Users/moinaksaha/Personal/git/goExchange/challenges/src/containers/App/index.js","statementMap":{"0":{"start":{"line":11,"column":0},"end":{"line":15,"column":1}},"1":{"start":{"line":16,"column":20},"end":{"line":20,"column":1}},"2":{"start":{"line":23,"column":4},"end":{"line":29,"column":6}}},"fnMap":{"0":{"name":"(anonymous_0)","decl":{"start":{"line":22,"column":2},"end":{"line":22,"column":3}},"loc":{"start":{"line":22,"column":11},"end":{"line":30,"column":3}},"line":22}},"branchMap":{},"s":{"0":1,"1":1,"2":2},"f":{"0":2},"b":{},"_coverageSchema":"43e27e138ebf9cfc5966b082cf9a028302ed4184","hash":"7f73caa1fbfcd9855ed8a43c6bf2830a81d1286b"}
,"/Users/moinaksaha/Personal/git/goExchange/challenges/src/store/store.js": {"path":"/Users/moinaksaha/Personal/git/goExchange/challenges/src/store/store.js","statementMap":{"0":{"start":{"line":10,"column":23},"end":{"line":10,"column":45}},"1":{"start":{"line":12,"column":21},"end":{"line":12,"column":23}},"2":{"start":{"line":13,"column":18},"end":{"line":13,"column":20}},"3":{"start":{"line":14,"column":19},"end":{"line":17,"column":1}},"4":{"start":{"line":27,"column":26},"end":{"line":30,"column":1}},"5":{"start":{"line":32,"column":21},"end":{"line":36,"column":1}}},"fnMap":{},"branchMap":{},"s":{"0":0,"1":0,"2":0,"3":0,"4":0,"5":0},"f":{},"b":{}}
,"/Users/moinaksaha/Personal/git/goExchange/challenges/src/store/actions/charities.js": {"path":"/Users/moinaksaha/Personal/git/goExchange/challenges/src/store/actions/charities.js","statementMap":{"0":{"start":{"line":9,"column":18},"end":{"line":11,"column":9}},"1":{"start":{"line":14,"column":2},"end":{"line":17,"column":4}},"2":{"start":{"line":16,"column":19},"end":{"line":16,"column":46}}},"fnMap":{"0":{"name":"fetchAllCharities","decl":{"start":{"line":13,"column":16},"end":{"line":13,"column":33}},"loc":{"start":{"line":13,"column":36},"end":{"line":18,"column":1}},"line":13},"1":{"name":"(anonymous_1)","decl":{"start":{"line":16,"column":13},"end":{"line":16,"column":14}},"loc":{"start":{"line":16,"column":19},"end":{"line":16,"column":46}},"line":16}},"branchMap":{},"s":{"0":2,"1":0,"2":0},"f":{"0":0,"1":0},"b":{},"_coverageSchema":"43e27e138ebf9cfc5966b082cf9a028302ed4184","hash":"f8ed9a852e9f9ec68dffe367461aad99b46de68b"}
,"/Users/moinaksaha/Personal/git/goExchange/challenges/src/store/actions/donations.js": {"path":"/Users/moinaksaha/Personal/git/goExchange/challenges/src/store/actions/donations.js","statementMap":{"0":{"start":{"line":13,"column":18},"end":{"line":15,"column":9}},"1":{"start":{"line":18,"column":2},"end":{"line":21,"column":4}},"2":{"start":{"line":20,"column":19},"end":{"line":20,"column":45}},"3":{"start":{"line":25,"column":2},"end":{"line":33,"column":4}},"4":{"start":{"line":27,"column":19},"end":{"line":32,"column":6}},"5":{"start":{"line":37,"column":2},"end":{"line":39,"column":3}}},"fnMap":{"0":{"name":"fetchAllDonations","decl":{"start":{"line":17,"column":16},"end":{"line":17,"column":33}},"loc":{"start":{"line":17,"column":36},"end":{"line":22,"column":1}},"line":17},"1":{"name":"(anonymous_1)","decl":{"start":{"line":20,"column":13},"end":{"line":20,"column":14}},"loc":{"start":{"line":20,"column":19},"end":{"line":20,"column":45}},"line":20},"2":{"name":"makePayment","decl":{"start":{"line":24,"column":16},"end":{"line":24,"column":27}},"loc":{"start":{"line":24,"column":65},"end":{"line":34,"column":1}},"line":24},"3":{"name":"(anonymous_3)","decl":{"start":{"line":27,"column":13},"end":{"line":27,"column":14}},"loc":{"start":{"line":27,"column":19},"end":{"line":32,"column":6}},"line":27},"4":{"name":"clearPaymentInProgressData","decl":{"start":{"line":36,"column":16},"end":{"line":36,"column":42}},"loc":{"start":{"line":36,"column":45},"end":{"line":40,"column":1}},"line":36}},"branchMap":{},"s":{"0":4,"1":0,"2":0,"3":0,"4":0,"5":0},"f":{"0":0,"1":0,"2":0,"3":0,"4":0},"b":{},"_coverageSchema":"43e27e138ebf9cfc5966b082cf9a028302ed4184","hash":"c3e44817589c2577d3fa57e188c9def922927d75"}
,"/Users/moinaksaha/Personal/git/goExchange/challenges/src/store/constants/charities.js": {"path":"/Users/moinaksaha/Personal/git/goExchange/challenges/src/store/constants/charities.js","statementMap":{"0":{"start":{"line":1,"column":41},"end":{"line":1,"column":68}},"1":{"start":{"line":2,"column":41},"end":{"line":2,"column":68}},"2":{"start":{"line":3,"column":39},"end":{"line":3,"column":64}}},"fnMap":{},"branchMap":{},"s":{"0":2,"1":2,"2":2},"f":{},"b":{},"_coverageSchema":"43e27e138ebf9cfc5966b082cf9a028302ed4184","hash":"ba826c1c14c4011001531b145d0ab67ba8496663"}
,"/Users/moinaksaha/Personal/git/goExchange/challenges/src/store/constants/donations.js": {"path":"/Users/moinaksaha/Personal/git/goExchange/challenges/src/store/constants/donations.js","statementMap":{"0":{"start":{"line":1,"column":43},"end":{"line":1,"column":72}},"1":{"start":{"line":2,"column":43},"end":{"line":2,"column":72}},"2":{"start":{"line":3,"column":41},"end":{"line":3,"column":68}},"3":{"start":{"line":5,"column":36},"end":{"line":5,"column":58}},"4":{"start":{"line":6,"column":36},"end":{"line":6,"column":58}},"5":{"start":{"line":7,"column":34},"end":{"line":7,"column":54}},"6":{"start":{"line":9,"column":46},"end":{"line":9,"column":78}},"7":{"start":{"line":11,"column":43},"end":{"line":11,"column":72}},"8":{"start":{"line":12,"column":43},"end":{"line":12,"column":72}},"9":{"start":{"line":13,"column":41},"end":{"line":13,"column":68}}},"fnMap":{},"branchMap":{},"s":{"0":4,"1":4,"2":4,"3":4,"4":4,"5":4,"6":4,"7":4,"8":4,"9":4},"f":{},"b":{},"_coverageSchema":"43e27e138ebf9cfc5966b082cf9a028302ed4184","hash":"7d1a92f4a946a01760efebb967ca6a6925d513bf"}
,"/Users/moinaksaha/Personal/git/goExchange/challenges/src/store/middleware/augmentorMiddleware.js": {"path":"/Users/moinaksaha/Personal/git/goExchange/challenges/src/store/middleware/augmentorMiddleware.js","statementMap":{"0":{"start":{"line":13,"column":2},"end":{"line":51,"column":4}},"1":{"start":{"line":14,"column":4},"end":{"line":50,"column":6}},"2":{"start":{"line":14,"column":19},"end":{"line":50,"column":5}},"3":{"start":{"line":15,"column":6},"end":{"line":17,"column":7}},"4":{"start":{"line":16,"column":8},"end":{"line":16,"column":42}},"5":{"start":{"line":19,"column":42},"end":{"line":19,"column":48}},"6":{"start":{"line":20,"column":6},"end":{"line":22,"column":7}},"7":{"start":{"line":21,"column":8},"end":{"line":21,"column":28}},"8":{"start":{"line":24,"column":42},"end":{"line":24,"column":47}},"9":{"start":{"line":25,"column":6},"end":{"line":25,"column":39}},"10":{"start":{"line":27,"column":28},"end":{"line":27,"column":37}},"11":{"start":{"line":29,"column":6},"end":{"line":47,"column":11}},"12":{"start":{"line":31,"column":20},"end":{"line":31,"column":60}},"13":{"start":{"line":35,"column":10},"end":{"line":43,"column":11}},"14":{"start":{"line":42,"column":12},"end":{"line":42,"column":34}},"15":{"start":{"line":45,"column":10},"end":{"line":45,"column":52}},"16":{"start":{"line":46,"column":10},"end":{"line":46,"column":50}},"17":{"start":{"line":49,"column":6},"end":{"line":49,"column":27}}},"fnMap":{"0":{"name":"augmentorMiddleware","decl":{"start":{"line":12,"column":24},"end":{"line":12,"column":43}},"loc":{"start":{"line":12,"column":46},"end":{"line":52,"column":1}},"line":12},"1":{"name":"(anonymous_1)","decl":{"start":{"line":13,"column":9},"end":{"line":13,"column":10}},"loc":{"start":{"line":13,"column":37},"end":{"line":51,"column":3}},"line":13},"2":{"name":"(anonymous_2)","decl":{"start":{"line":14,"column":11},"end":{"line":14,"column":12}},"loc":{"start":{"line":14,"column":19},"end":{"line":50,"column":5}},"line":14},"3":{"name":"(anonymous_3)","decl":{"start":{"line":14,"column":19},"end":{"line":14,"column":20}},"loc":{"start":{"line":14,"column":29},"end":{"line":50,"column":5}},"line":14},"4":{"name":"(anonymous_4)","decl":{"start":{"line":31,"column":10},"end":{"line":31,"column":11}},"loc":{"start":{"line":31,"column":20},"end":{"line":31,"column":60}},"line":31},"5":{"name":"(anonymous_5)","decl":{"start":{"line":34,"column":15},"end":{"line":34,"column":16}},"loc":{"start":{"line":34,"column":24},"end":{"line":47,"column":9}},"line":34}},"branchMap":{"0":{"loc":{"start":{"line":15,"column":6},"end":{"line":17,"column":7}},"type":"if","locations":[{"start":{"line":15,"column":6},"end":{"line":17,"column":7}},{"start":{"line":15,"column":6},"end":{"line":17,"column":7}}],"line":15},"1":{"loc":{"start":{"line":20,"column":6},"end":{"line":22,"column":7}},"type":"if","locations":[{"start":{"line":20,"column":6},"end":{"line":22,"column":7}},{"start":{"line":20,"column":6},"end":{"line":22,"column":7}}],"line":20},"2":{"loc":{"start":{"line":35,"column":10},"end":{"line":43,"column":11}},"type":"if","locations":[{"start":{"line":35,"column":10},"end":{"line":43,"column":11}},{"start":{"line":35,"column":10},"end":{"line":43,"column":11}}],"line":35},"3":{"loc":{"start":{"line":36,"column":12},"end":{"line":39,"column":43}},"type":"binary-expr","locations":[{"start":{"line":36,"column":12},"end":{"line":36,"column":17}},{"start":{"line":37,"column":14},"end":{"line":37,"column":28}},{"start":{"line":38,"column":14},"end":{"line":38,"column":35}},{"start":{"line":39,"column":14},"end":{"line":39,"column":43}}],"line":36}},"s":{"0":0,"1":0,"2":0,"3":0,"4":0,"5":0,"6":0,"7":0,"8":0,"9":0,"10":0,"11":0,"12":0,"13":0,"14":0,"15":0,"16":0,"17":0},"f":{"0":0,"1":0,"2":0,"3":0,"4":0,"5":0},"b":{"0":[0,0],"1":[0,0],"2":[0,0],"3":[0,0,0,0]}}
,"/Users/moinaksaha/Personal/git/goExchange/challenges/src/store/reducers/charities.js": {"path":"/Users/moinaksaha/Personal/git/goExchange/challenges/src/store/reducers/charities.js","statementMap":{"0":{"start":{"line":7,"column":21},"end":{"line":13,"column":1}},"1":{"start":{"line":16,"column":2},"end":{"line":51,"column":3}},"2":{"start":{"line":18,"column":6},"end":{"line":24,"column":8}},"3":{"start":{"line":27,"column":6},"end":{"line":34,"column":8}},"4":{"start":{"line":37,"column":6},"end":{"line":44,"column":8}},"5":{"start":{"line":48,"column":6},"end":{"line":50,"column":8}}},"fnMap":{"0":{"name":"reducer","decl":{"start":{"line":15,"column":24},"end":{"line":15,"column":31}},"loc":{"start":{"line":15,"column":66},"end":{"line":52,"column":1}},"line":15}},"branchMap":{"0":{"loc":{"start":{"line":15,"column":33},"end":{"line":15,"column":51}},"type":"default-arg","locations":[{"start":{"line":15,"column":39},"end":{"line":15,"column":51}}],"line":15},"1":{"loc":{"start":{"line":15,"column":53},"end":{"line":15,"column":64}},"type":"default-arg","locations":[{"start":{"line":15,"column":62},"end":{"line":15,"column":64}}],"line":15},"2":{"loc":{"start":{"line":16,"column":2},"end":{"line":51,"column":3}},"type":"switch","locations":[{"start":{"line":17,"column":4},"end":{"line":24,"column":8}},{"start":{"line":26,"column":4},"end":{"line":34,"column":8}},{"start":{"line":36,"column":4},"end":{"line":44,"column":8}},{"start":{"line":47,"column":4},"end":{"line":50,"column":8}}],"line":16}},"s":{"0":0,"1":0,"2":0,"3":0,"4":0,"5":0},"f":{"0":0},"b":{"0":[0],"1":[0],"2":[0,0,0,0]}}
,"/Users/moinaksaha/Personal/git/goExchange/challenges/src/store/reducers/donations.js": {"path":"/Users/moinaksaha/Personal/git/goExchange/challenges/src/store/reducers/donations.js","statementMap":{"0":{"start":{"line":11,"column":21},"end":{"line":22,"column":1}},"1":{"start":{"line":25,"column":2},"end":{"line":102,"column":3}},"2":{"start":{"line":27,"column":6},"end":{"line":33,"column":8}},"3":{"start":{"line":36,"column":6},"end":{"line":43,"column":8}},"4":{"start":{"line":46,"column":6},"end":{"line":53,"column":8}},"5":{"start":{"line":56,"column":6},"end":{"line":62,"column":8}},"6":{"start":{"line":66,"column":28},"end":{"line":66,"column":48}},"7":{"start":{"line":67,"column":6},"end":{"line":78,"column":8}},"8":{"start":{"line":81,"column":6},"end":{"line":88,"column":8}},"9":{"start":{"line":91,"column":6},"end":{"line":96,"column":7}},"10":{"start":{"line":99,"column":6},"end":{"line":101,"column":8}}},"fnMap":{"0":{"name":"reducer","decl":{"start":{"line":24,"column":24},"end":{"line":24,"column":31}},"loc":{"start":{"line":24,"column":66},"end":{"line":103,"column":1}},"line":24}},"branchMap":{"0":{"loc":{"start":{"line":24,"column":33},"end":{"line":24,"column":51}},"type":"default-arg","locations":[{"start":{"line":24,"column":39},"end":{"line":24,"column":51}}],"line":24},"1":{"loc":{"start":{"line":24,"column":53},"end":{"line":24,"column":64}},"type":"default-arg","locations":[{"start":{"line":24,"column":62},"end":{"line":24,"column":64}}],"line":24},"2":{"loc":{"start":{"line":25,"column":2},"end":{"line":102,"column":3}},"type":"switch","locations":[{"start":{"line":26,"column":4},"end":{"line":33,"column":8}},{"start":{"line":35,"column":4},"end":{"line":43,"column":8}},{"start":{"line":45,"column":4},"end":{"line":53,"column":8}},{"start":{"line":55,"column":4},"end":{"line":62,"column":8}},{"start":{"line":64,"column":4},"end":{"line":78,"column":8}},{"start":{"line":80,"column":4},"end":{"line":88,"column":8}},{"start":{"line":90,"column":4},"end":{"line":96,"column":7}},{"start":{"line":98,"column":4},"end":{"line":101,"column":8}}],"line":25}},"s":{"0":0,"1":0,"2":0,"3":0,"4":0,"5":0,"6":0,"7":0,"8":0,"9":0,"10":0},"f":{"0":0},"b":{"0":[0],"1":[0],"2":[0,0,0,0,0,0,0,0]}}
,"/Users/moinaksaha/Personal/git/goExchange/challenges/src/store/reducers/index.js": {"path":"/Users/moinaksaha/Personal/git/goExchange/challenges/src/store/reducers/index.js","statementMap":{},"fnMap":{},"branchMap":{},"s":{},"f":{},"b":{}}
,"/Users/moinaksaha/Personal/git/goExchange/challenges/src/utils/createRestApiClient.js": {"path":"/Users/moinaksaha/Personal/git/goExchange/challenges/src/utils/createRestApiClient.js","statementMap":{"0":{"start":{"line":4,"column":0},"end":{"line":4,"column":11}},"1":{"start":{"line":9,"column":4},"end":{"line":9,"column":39}},"2":{"start":{"line":13,"column":4},"end":{"line":13,"column":40}},"3":{"start":{"line":17,"column":28},"end":{"line":19,"column":2}},"4":{"start":{"line":17,"column":35},"end":{"line":19,"column":1}},"5":{"start":{"line":18,"column":24},"end":{"line":18,"column":49}}},"fnMap":{"0":{"name":"(anonymous_0)","decl":{"start":{"line":7,"column":2},"end":{"line":7,"column":3}},"loc":{"start":{"line":7,"column":22},"end":{"line":10,"column":3}},"line":7},"1":{"name":"(anonymous_1)","decl":{"start":{"line":12,"column":2},"end":{"line":12,"column":3}},"loc":{"start":{"line":12,"column":19},"end":{"line":14,"column":3}},"line":12},"2":{"name":"(anonymous_2)","decl":{"start":{"line":17,"column":28},"end":{"line":17,"column":29}},"loc":{"start":{"line":17,"column":35},"end":{"line":19,"column":1}},"line":17},"3":{"name":"(anonymous_3)","decl":{"start":{"line":18,"column":14},"end":{"line":18,"column":15}},"loc":{"start":{"line":18,"column":24},"end":{"line":18,"column":49}},"line":18}},"branchMap":{},"s":{"0":4,"1":6,"2":0,"3":4,"4":6,"5":6},"f":{"0":6,"1":0,"2":6,"3":6},"b":{},"_coverageSchema":"43e27e138ebf9cfc5966b082cf9a028302ed4184","hash":"8883b175bca327668216a709ec64f1298f7c759a"}
,"/Users/moinaksaha/Personal/git/goExchange/challenges/src/utils/helpers.js": {"path":"/Users/moinaksaha/Personal/git/goExchange/challenges/src/utils/helpers.js","statementMap":{"0":{"start":{"line":1,"column":32},"end":{"line":1,"column":132}},"1":{"start":{"line":1,"column":47},"end":{"line":1,"column":132}},"2":{"start":{"line":1,"column":88},"end":{"line":1,"column":131}},"3":{"start":{"line":3,"column":44},"end":{"line":16,"column":1}},"4":{"start":{"line":4,"column":18},"end":{"line":13,"column":8}},"5":{"start":{"line":5,"column":4},"end":{"line":11,"column":5}},"6":{"start":{"line":6,"column":6},"end":{"line":10,"column":7}},"7":{"start":{"line":7,"column":8},"end":{"line":7,"column":41}},"8":{"start":{"line":9,"column":8},"end":{"line":9,"column":42}},"9":{"start":{"line":12,"column":4},"end":{"line":12,"column":15}},"10":{"start":{"line":15,"column":2},"end":{"line":15,"column":17}},"11":{"start":{"line":19,"column":38},"end":{"line":33,"column":1}},"12":{"start":{"line":20,"column":2},"end":{"line":31,"column":3}},"13":{"start":{"line":21,"column":16},"end":{"line":29,"column":6}},"14":{"start":{"line":22,"column":6},"end":{"line":25,"column":7}},"15":{"start":{"line":30,"column":4},"end":{"line":30,"column":15}},"16":{"start":{"line":32,"column":2},"end":{"line":32,"column":14}}},"fnMap":{"0":{"name":"(anonymous_0)","decl":{"start":{"line":1,"column":32},"end":{"line":1,"column":33}},"loc":{"start":{"line":1,"column":47},"end":{"line":1,"column":132}},"line":1},"1":{"name":"(anonymous_1)","decl":{"start":{"line":1,"column":64},"end":{"line":1,"column":65}},"loc":{"start":{"line":1,"column":88},"end":{"line":1,"column":131}},"line":1},"2":{"name":"(anonymous_2)","decl":{"start":{"line":3,"column":44},"end":{"line":3,"column":45}},"loc":{"start":{"line":3,"column":59},"end":{"line":16,"column":1}},"line":3},"3":{"name":"(anonymous_3)","decl":{"start":{"line":4,"column":35},"end":{"line":4,"column":36}},"loc":{"start":{"line":4,"column":56},"end":{"line":13,"column":3}},"line":4},"4":{"name":"(anonymous_4)","decl":{"start":{"line":19,"column":38},"end":{"line":19,"column":39}},"loc":{"start":{"line":19,"column":53},"end":{"line":33,"column":1}},"line":19},"5":{"name":"(anonymous_5)","decl":{"start":{"line":21,"column":33},"end":{"line":21,"column":34}},"loc":{"start":{"line":22,"column":6},"end":{"line":25,"column":7}},"line":22}},"branchMap":{"0":{"loc":{"start":{"line":1,"column":88},"end":{"line":1,"column":131}},"type":"cond-expr","locations":[{"start":{"line":1,"column":98},"end":{"line":1,"column":117}},{"start":{"line":1,"column":120},"end":{"line":1,"column":131}}],"line":1},"1":{"loc":{"start":{"line":5,"column":4},"end":{"line":11,"column":5}},"type":"if","locations":[{"start":{"line":5,"column":4},"end":{"line":11,"column":5}},{"start":{"line":5,"column":4},"end":{"line":11,"column":5}}],"line":5},"2":{"loc":{"start":{"line":5,"column":8},"end":{"line":5,"column":66}},"type":"binary-expr","locations":[{"start":{"line":5,"column":8},"end":{"line":5,"column":19}},{"start":{"line":5,"column":22},"end":{"line":5,"column":38}},{"start":{"line":5,"column":42},"end":{"line":5,"column":55}},{"start":{"line":5,"column":59},"end":{"line":5,"column":66}}],"line":5},"3":{"loc":{"start":{"line":6,"column":6},"end":{"line":10,"column":7}},"type":"if","locations":[{"start":{"line":6,"column":6},"end":{"line":10,"column":7}},{"start":{"line":6,"column":6},"end":{"line":10,"column":7}}],"line":6},"4":{"loc":{"start":{"line":20,"column":2},"end":{"line":31,"column":3}},"type":"if","locations":[{"start":{"line":20,"column":2},"end":{"line":31,"column":3}},{"start":{"line":20,"column":2},"end":{"line":31,"column":3}}],"line":20},"5":{"loc":{"start":{"line":20,"column":6},"end":{"line":20,"column":35}},"type":"binary-expr","locations":[{"start":{"line":20,"column":6},"end":{"line":20,"column":15}},{"start":{"line":20,"column":19},"end":{"line":20,"column":35}}],"line":20},"6":{"loc":{"start":{"line":24,"column":22},"end":{"line":24,"column":98}},"type":"cond-expr","locations":[{"start":{"line":24,"column":46},"end":{"line":24,"column":80}},{"start":{"line":24,"column":82},"end":{"line":24,"column":98}}],"line":24}},"s":{"0":4,"1":1,"2":3,"3":4,"4":1,"5":6,"6":6,"7":2,"8":4,"9":6,"10":1,"11":4,"12":3,"13":1,"14":2,"15":1,"16":2},"f":{"0":1,"1":3,"2":1,"3":6,"4":3,"5":2},"b":{"0":[3,0],"1":[6,0],"2":[6,6,6,6],"3":[2,4],"4":[1,2],"5":[3,3],"6":[1,1]},"_coverageSchema":"43e27e138ebf9cfc5966b082cf9a028302ed4184","hash":"c7320931504de7da06e60f2afcf69b1a61b6bea1"}
}
