{"/Users/moinaksaha/Personal/git/goExchange/challenges/src/index.js": {"path":"/Users/moinaksaha/Personal/git/goExchange/challenges/src/index.js","statementMap":{"0":{"start":{"line":8,"column":0},"end":{"line":13,"column":2}}},"fnMap":{},"branchMap":{},"s":{"0":0},"f":{},"b":{}}
,"/Users/moinaksaha/Personal/git/goExchange/challenges/src/components/ButtonPrimary/index.js": {"path":"/Users/moinaksaha/Personal/git/goExchange/challenges/src/components/ButtonPrimary/index.js","statementMap":{"0":{"start":{"line":12,"column":22},"end":{"line":30,"column":1}},"1":{"start":{"line":32,"column":22},"end":{"line":36,"column":1}},"2":{"start":{"line":33,"column":2},"end":{"line":35,"column":18}},"3":{"start":{"line":39,"column":0},"end":{"line":41,"column":2}},"4":{"start":{"line":44,"column":0},"end":{"line":46,"column":2}}},"fnMap":{"0":{"name":"(anonymous_0)","decl":{"start":{"line":32,"column":22},"end":{"line":32,"column":23}},"loc":{"start":{"line":33,"column":2},"end":{"line":35,"column":18}},"line":33}},"branchMap":{},"s":{"0":5,"1":5,"2":2,"3":5,"4":5},"f":{"0":2},"b":{},"_coverageSchema":"43e27e138ebf9cfc5966b082cf9a028302ed4184","hash":"5c63f40efb7e5ef6780cb9a1abc12d370a2477ad"}
,"/Users/moinaksaha/Personal/git/goExchange/challenges/src/components/Card/index.js": {"path":"/Users/moinaksaha/Personal/git/goExchange/challenges/src/components/Card/index.js","statementMap":{"0":{"start":{"line":23,"column":18},"end":{"line":33,"column":1}},"1":{"start":{"line":25,"column":35},"end":{"line":25,"column":44}},"2":{"start":{"line":36,"column":20},"end":{"line":42,"column":1}},"3":{"start":{"line":45,"column":18},"end":{"line":58,"column":1}},"4":{"start":{"line":61,"column":17},"end":{"line":66,"column":1}},"5":{"start":{"line":69,"column":20},"end":{"line":72,"column":1}},"6":{"start":{"line":75,"column":34},"end":{"line":79,"column":1}},"7":{"start":{"line":84,"column":4},"end":{"line":84,"column":17}},"8":{"start":{"line":86,"column":4},"end":{"line":88,"column":5}},"9":{"start":{"line":93,"column":4},"end":{"line":95,"column":6}},"10":{"start":{"line":100,"column":4},"end":{"line":102,"column":6}},"11":{"start":{"line":106,"column":32},"end":{"line":106,"column":42}},"12":{"start":{"line":107,"column":34},"end":{"line":107,"column":44}},"13":{"start":{"line":108,"column":37},"end":{"line":108,"column":70}},"14":{"start":{"line":110,"column":4},"end":{"line":134,"column":6}},"15":{"start":{"line":139,"column":0},"end":{"line":142,"column":2}},"16":{"start":{"line":145,"column":0},"end":{"line":153,"column":2}}},"fnMap":{"0":{"name":"(anonymous_0)","decl":{"start":{"line":25,"column":26},"end":{"line":25,"column":27}},"loc":{"start":{"line":25,"column":35},"end":{"line":25,"column":44}},"line":25},"1":{"name":"(anonymous_1)","decl":{"start":{"line":83,"column":2},"end":{"line":83,"column":3}},"loc":{"start":{"line":83,"column":21},"end":{"line":89,"column":3}},"line":83},"2":{"name":"(anonymous_2)","decl":{"start":{"line":92,"column":22},"end":{"line":92,"column":23}},"loc":{"start":{"line":92,"column":28},"end":{"line":96,"column":3}},"line":92},"3":{"name":"(anonymous_3)","decl":{"start":{"line":99,"column":22},"end":{"line":99,"column":23}},"loc":{"start":{"line":99,"column":28},"end":{"line":103,"column":3}},"line":99},"4":{"name":"(anonymous_4)","decl":{"start":{"line":105,"column":2},"end":{"line":105,"column":3}},"loc":{"start":{"line":105,"column":11},"end":{"line":135,"column":3}},"line":105}},"branchMap":{"0":{"loc":{"start":{"line":122,"column":15},"end":{"line":125,"column":44}},"type":"binary-expr","locations":[{"start":{"line":122,"column":15},"end":{"line":122,"column":39}},{"start":{"line":123,"column":16},"end":{"line":125,"column":44}}],"line":122}},"s":{"0":3,"1":0,"2":3,"3":3,"4":3,"5":3,"6":3,"7":10,"8":10,"9":2,"10":0,"11":12,"12":12,"13":12,"14":12,"15":3,"16":3},"f":{"0":0,"1":10,"2":2,"3":0,"4":12},"b":{"0":[12,1]},"_coverageSchema":"43e27e138ebf9cfc5966b082cf9a028302ed4184","hash":"3e8a23463a97e1c0bf6bfdea4b26ea04c927aa64"}
,"/Users/moinaksaha/Personal/git/goExchange/challenges/src/components/DonationPage/index.js": {"path":"/Users/moinaksaha/Personal/git/goExchange/challenges/src/components/DonationPage/index.js","statementMap":{"0":{"start":{"line":36,"column":21},"end":{"line":42,"column":1}},"1":{"start":{"line":47,"column":4},"end":{"line":47,"column":17}},"2":{"start":{"line":49,"column":4},"end":{"line":51,"column":5}},"3":{"start":{"line":56,"column":53},"end":{"line":56,"column":63}},"4":{"start":{"line":57,"column":4},"end":{"line":57,"column":24}},"5":{"start":{"line":58,"column":4},"end":{"line":58,"column":24}},"6":{"start":{"line":63,"column":29},"end":{"line":63,"column":39}},"7":{"start":{"line":64,"column":4},"end":{"line":66,"column":5}},"8":{"start":{"line":65,"column":6},"end":{"line":65,"column":79}},"9":{"start":{"line":65,"column":48},"end":{"line":65,"column":78}},"10":{"start":{"line":67,"column":4},"end":{"line":67,"column":14}},"11":{"start":{"line":72,"column":4},"end":{"line":74,"column":6}},"12":{"start":{"line":78,"column":43},"end":{"line":78,"column":53}},"13":{"start":{"line":79,"column":31},"end":{"line":79,"column":41}},"14":{"start":{"line":81,"column":4},"end":{"line":83,"column":5}},"15":{"start":{"line":82,"column":6},"end":{"line":82,"column":31}},"16":{"start":{"line":85,"column":4},"end":{"line":87,"column":5}},"17":{"start":{"line":86,"column":6},"end":{"line":86,"column":30}},"18":{"start":{"line":88,"column":4},"end":{"line":90,"column":5}},"19":{"start":{"line":89,"column":6},"end":{"line":89,"column":30}},"20":{"start":{"line":99,"column":26},"end":{"line":101,"column":10}},"21":{"start":{"line":103,"column":4},"end":{"line":121,"column":6}},"22":{"start":{"line":111,"column":12},"end":{"line":117,"column":13}},"23":{"start":{"line":126,"column":0},"end":{"line":131,"column":2}},"24":{"start":{"line":133,"column":24},"end":{"line":138,"column":1}},"25":{"start":{"line":134,"column":2},"end":{"line":137,"column":4}},"26":{"start":{"line":140,"column":27},"end":{"line":147,"column":3}},"27":{"start":{"line":141,"column":2},"end":{"line":147,"column":3}}},"fnMap":{"0":{"name":"(anonymous_0)","decl":{"start":{"line":46,"column":2},"end":{"line":46,"column":3}},"loc":{"start":{"line":46,"column":21},"end":{"line":52,"column":3}},"line":46},"1":{"name":"(anonymous_1)","decl":{"start":{"line":55,"column":2},"end":{"line":55,"column":3}},"loc":{"start":{"line":55,"column":22},"end":{"line":59,"column":3}},"line":55},"2":{"name":"(anonymous_2)","decl":{"start":{"line":62,"column":23},"end":{"line":62,"column":24}},"loc":{"start":{"line":62,"column":38},"end":{"line":68,"column":3}},"line":62},"3":{"name":"(anonymous_3)","decl":{"start":{"line":65,"column":38},"end":{"line":65,"column":39}},"loc":{"start":{"line":65,"column":48},"end":{"line":65,"column":78}},"line":65},"4":{"name":"(anonymous_4)","decl":{"start":{"line":71,"column":22},"end":{"line":71,"column":23}},"loc":{"start":{"line":71,"column":36},"end":{"line":75,"column":3}},"line":71},"5":{"name":"(anonymous_5)","decl":{"start":{"line":77,"column":2},"end":{"line":77,"column":3}},"loc":{"start":{"line":77,"column":11},"end":{"line":122,"column":3}},"line":77},"6":{"name":"(anonymous_6)","decl":{"start":{"line":110,"column":33},"end":{"line":110,"column":34}},"loc":{"start":{"line":110,"column":43},"end":{"line":118,"column":11}},"line":110},"7":{"name":"(anonymous_7)","decl":{"start":{"line":133,"column":24},"end":{"line":133,"column":25}},"loc":{"start":{"line":133,"column":33},"end":{"line":138,"column":1}},"line":133},"8":{"name":"(anonymous_8)","decl":{"start":{"line":140,"column":27},"end":{"line":140,"column":28}},"loc":{"start":{"line":141,"column":2},"end":{"line":147,"column":3}},"line":141}},"branchMap":{"0":{"loc":{"start":{"line":64,"column":4},"end":{"line":66,"column":5}},"type":"if","locations":[{"start":{"line":64,"column":4},"end":{"line":66,"column":5}},{"start":{"line":64,"column":4},"end":{"line":66,"column":5}}],"line":64},"1":{"loc":{"start":{"line":64,"column":8},"end":{"line":64,"column":75}},"type":"binary-expr","locations":[{"start":{"line":64,"column":8},"end":{"line":64,"column":20}},{"start":{"line":64,"column":24},"end":{"line":64,"column":41}},{"start":{"line":64,"column":45},"end":{"line":64,"column":75}}],"line":64},"2":{"loc":{"start":{"line":73,"column":22},"end":{"line":73,"column":51}},"type":"cond-expr","locations":[{"start":{"line":73,"column":39},"end":{"line":73,"column":43}},{"start":{"line":73,"column":46},"end":{"line":73,"column":51}}],"line":73},"3":{"loc":{"start":{"line":81,"column":4},"end":{"line":83,"column":5}},"type":"if","locations":[{"start":{"line":81,"column":4},"end":{"line":83,"column":5}},{"start":{"line":81,"column":4},"end":{"line":83,"column":5}}],"line":81},"4":{"loc":{"start":{"line":85,"column":4},"end":{"line":87,"column":5}},"type":"if","locations":[{"start":{"line":85,"column":4},"end":{"line":87,"column":5}},{"start":{"line":85,"column":4},"end":{"line":87,"column":5}}],"line":85},"5":{"loc":{"start":{"line":88,"column":4},"end":{"line":90,"column":5}},"type":"if","locations":[{"start":{"line":88,"column":4},"end":{"line":90,"column":5}},{"start":{"line":88,"column":4},"end":{"line":90,"column":5}}],"line":88},"6":{"loc":{"start":{"line":88,"column":8},"end":{"line":88,"column":77}},"type":"binary-expr","locations":[{"start":{"line":88,"column":8},"end":{"line":88,"column":21}},{"start":{"line":88,"column":25},"end":{"line":88,"column":43}},{"start":{"line":88,"column":47},"end":{"line":88,"column":77}}],"line":88},"7":{"loc":{"start":{"line":99,"column":26},"end":{"line":101,"column":10}},"type":"cond-expr","locations":[{"start":{"line":100,"column":6},"end":{"line":100,"column":53}},{"start":{"line":101,"column":6},"end":{"line":101,"column":10}}],"line":99},"8":{"loc":{"start":{"line":99,"column":27},"end":{"line":99,"column":94}},"type":"binary-expr","locations":[{"start":{"line":99,"column":27},"end":{"line":99,"column":39}},{"start":{"line":99,"column":43},"end":{"line":99,"column":60}},{"start":{"line":99,"column":64},"end":{"line":99,"column":94}}],"line":99}},"s":{"0":2,"1":0,"2":0,"3":0,"4":0,"5":0,"6":0,"7":0,"8":0,"9":0,"10":0,"11":0,"12":0,"13":0,"14":0,"15":0,"16":0,"17":0,"18":0,"19":0,"20":0,"21":0,"22":0,"23":2,"24":2,"25":0,"26":2,"27":0},"f":{"0":0,"1":0,"2":0,"3":0,"4":0,"5":0,"6":0,"7":0,"8":0},"b":{"0":[0,0],"1":[0,0,0],"2":[0,0],"3":[0,0],"4":[0,0],"5":[0,0],"6":[0,0,0],"7":[0,0],"8":[0,0,0]},"_coverageSchema":"43e27e138ebf9cfc5966b082cf9a028302ed4184","hash":"ef671ea27752575ee4cebe9f987bd0b558ab5a0f"}
,"/Users/moinaksaha/Personal/git/goExchange/challenges/src/components/GenericError/index.js": {"path":"/Users/moinaksaha/Personal/git/goExchange/challenges/src/components/GenericError/index.js","statementMap":{"0":{"start":{"line":11,"column":17},"end":{"line":26,"column":1}},"1":{"start":{"line":28,"column":21},"end":{"line":33,"column":1}},"2":{"start":{"line":29,"column":2},"end":{"line":32,"column":13}}},"fnMap":{"0":{"name":"(anonymous_0)","decl":{"start":{"line":28,"column":21},"end":{"line":28,"column":22}},"loc":{"start":{"line":29,"column":2},"end":{"line":32,"column":13}},"line":29}},"branchMap":{},"s":{"0":3,"1":3,"2":2},"f":{"0":2},"b":{},"_coverageSchema":"43e27e138ebf9cfc5966b082cf9a028302ed4184","hash":"bc85ee50549ef3576f4601406bb6d1a22b72a655"}
,"/Users/moinaksaha/Personal/git/goExchange/challenges/src/components/GenericLoader/index.js": {"path":"/Users/moinaksaha/Personal/git/goExchange/challenges/src/components/GenericLoader/index.js","statementMap":{"0":{"start":{"line":14,"column":18},"end":{"line":29,"column":1}},"1":{"start":{"line":31,"column":22},"end":{"line":36,"column":1}},"2":{"start":{"line":32,"column":2},"end":{"line":35,"column":14}}},"fnMap":{"0":{"name":"(anonymous_0)","decl":{"start":{"line":31,"column":22},"end":{"line":31,"column":23}},"loc":{"start":{"line":32,"column":2},"end":{"line":35,"column":14}},"line":32}},"branchMap":{},"s":{"0":3,"1":3,"2":2},"f":{"0":2},"b":{},"_coverageSchema":"43e27e138ebf9cfc5966b082cf9a028302ed4184","hash":"013b1d3df445e0ecdf7c37d761e85224fa5ab57b"}
,"/Users/moinaksaha/Personal/git/goExchange/challenges/src/components/GenericMessage/index.js": {"path":"/Users/moinaksaha/Personal/git/goExchange/challenges/src/components/GenericMessage/index.js","statementMap":{"0":{"start":{"line":12,"column":23},"end":{"line":14,"column":1}},"1":{"start":{"line":13,"column":22},"end":{"line":13,"column":38}},"2":{"start":{"line":16,"column":0},"end":{"line":20,"column":2}},"3":{"start":{"line":23,"column":24},"end":{"line":46,"column":1}},"4":{"start":{"line":24,"column":2},"end":{"line":45,"column":3}},"5":{"start":{"line":26,"column":6},"end":{"line":28,"column":7}},"6":{"start":{"line":30,"column":6},"end":{"line":32,"column":7}},"7":{"start":{"line":34,"column":6},"end":{"line":36,"column":7}},"8":{"start":{"line":38,"column":6},"end":{"line":40,"column":7}},"9":{"start":{"line":42,"column":6},"end":{"line":44,"column":7}},"10":{"start":{"line":48,"column":23},"end":{"line":54,"column":1}},"11":{"start":{"line":49,"column":2},"end":{"line":53,"column":18}},"12":{"start":{"line":57,"column":0},"end":{"line":60,"column":2}},"13":{"start":{"line":63,"column":0},"end":{"line":66,"column":2}}},"fnMap":{"0":{"name":"(anonymous_0)","decl":{"start":{"line":13,"column":13},"end":{"line":13,"column":14}},"loc":{"start":{"line":13,"column":22},"end":{"line":13,"column":38}},"line":13},"1":{"name":"(anonymous_1)","decl":{"start":{"line":23,"column":24},"end":{"line":23,"column":25}},"loc":{"start":{"line":23,"column":34},"end":{"line":46,"column":1}},"line":23},"2":{"name":"(anonymous_2)","decl":{"start":{"line":48,"column":23},"end":{"line":48,"column":24}},"loc":{"start":{"line":49,"column":2},"end":{"line":53,"column":18}},"line":49}},"branchMap":{"0":{"loc":{"start":{"line":24,"column":2},"end":{"line":45,"column":3}},"type":"switch","locations":[{"start":{"line":25,"column":4},"end":{"line":28,"column":7}},{"start":{"line":29,"column":4},"end":{"line":32,"column":7}},{"start":{"line":33,"column":4},"end":{"line":36,"column":7}},{"start":{"line":37,"column":4},"end":{"line":40,"column":7}},{"start":{"line":41,"column":4},"end":{"line":44,"column":7}}],"line":24}},"s":{"0":5,"1":0,"2":5,"3":5,"4":2,"5":0,"6":2,"7":0,"8":0,"9":0,"10":5,"11":2,"12":5,"13":5},"f":{"0":0,"1":2,"2":2},"b":{"0":[0,2,0,0,0]},"_coverageSchema":"43e27e138ebf9cfc5966b082cf9a028302ed4184","hash":"cb61afcf82f264c6a6a74edcd4b2356c5dc5acb1"}
,"/Users/moinaksaha/Personal/git/goExchange/challenges/src/components/GenericNoData/index.js": {"path":"/Users/moinaksaha/Personal/git/goExchange/challenges/src/components/GenericNoData/index.js","statementMap":{"0":{"start":{"line":11,"column":18},"end":{"line":26,"column":1}},"1":{"start":{"line":28,"column":22},"end":{"line":33,"column":1}},"2":{"start":{"line":29,"column":2},"end":{"line":32,"column":14}}},"fnMap":{"0":{"name":"(anonymous_0)","decl":{"start":{"line":28,"column":22},"end":{"line":28,"column":23}},"loc":{"start":{"line":29,"column":2},"end":{"line":32,"column":14}},"line":29}},"branchMap":{},"s":{"0":3,"1":3,"2":2},"f":{"0":2},"b":{},"_coverageSchema":"43e27e138ebf9cfc5966b082cf9a028302ed4184","hash":"8a37897965a1115e5b50ffb494836a9bddca39c3"}
,"/Users/moinaksaha/Personal/git/goExchange/challenges/src/components/Header/index.js": {"path":"/Users/moinaksaha/Personal/git/goExchange/challenges/src/components/Header/index.js","statementMap":{"0":{"start":{"line":13,"column":22},"end":{"line":36,"column":1}},"1":{"start":{"line":24,"column":21},"end":{"line":26,"column":5}},"2":{"start":{"line":29,"column":19},"end":{"line":35,"column":3}},"3":{"start":{"line":39,"column":20},"end":{"line":48,"column":1}},"4":{"start":{"line":43,"column":19},"end":{"line":47,"column":3}},"5":{"start":{"line":51,"column":22},"end":{"line":71,"column":1}},"6":{"start":{"line":66,"column":19},"end":{"line":70,"column":3}},"7":{"start":{"line":73,"column":15},"end":{"line":97,"column":1}},"8":{"start":{"line":74,"column":2},"end":{"line":95,"column":3}},"9":{"start":{"line":75,"column":31},"end":{"line":75,"column":33}},"10":{"start":{"line":77,"column":4},"end":{"line":81,"column":7}},"11":{"start":{"line":78,"column":6},"end":{"line":80,"column":38}},"12":{"start":{"line":83,"column":4},"end":{"line":94,"column":6}},"13":{"start":{"line":96,"column":2},"end":{"line":96,"column":14}},"14":{"start":{"line":100,"column":0},"end":{"line":102,"column":2}},"15":{"start":{"line":105,"column":0},"end":{"line":107,"column":2}}},"fnMap":{"0":{"name":"(anonymous_0)","decl":{"start":{"line":24,"column":6},"end":{"line":24,"column":7}},"loc":{"start":{"line":24,"column":21},"end":{"line":26,"column":5}},"line":24},"1":{"name":"(anonymous_1)","decl":{"start":{"line":29,"column":4},"end":{"line":29,"column":5}},"loc":{"start":{"line":29,"column":19},"end":{"line":35,"column":3}},"line":29},"2":{"name":"(anonymous_2)","decl":{"start":{"line":43,"column":4},"end":{"line":43,"column":5}},"loc":{"start":{"line":43,"column":19},"end":{"line":47,"column":3}},"line":43},"3":{"name":"(anonymous_3)","decl":{"start":{"line":66,"column":4},"end":{"line":66,"column":5}},"loc":{"start":{"line":66,"column":19},"end":{"line":70,"column":3}},"line":66},"4":{"name":"(anonymous_4)","decl":{"start":{"line":73,"column":15},"end":{"line":73,"column":16}},"loc":{"start":{"line":73,"column":47},"end":{"line":97,"column":1}},"line":73},"5":{"name":"(anonymous_5)","decl":{"start":{"line":77,"column":39},"end":{"line":77,"column":40}},"loc":{"start":{"line":77,"column":59},"end":{"line":81,"column":5}},"line":77}},"branchMap":{"0":{"loc":{"start":{"line":24,"column":21},"end":{"line":26,"column":5}},"type":"binary-expr","locations":[{"start":{"line":24,"column":21},"end":{"line":24,"column":26}},{"start":{"line":24,"column":30},"end":{"line":26,"column":5}}],"line":24},"1":{"loc":{"start":{"line":29,"column":19},"end":{"line":35,"column":3}},"type":"binary-expr","locations":[{"start":{"line":29,"column":19},"end":{"line":29,"column":24}},{"start":{"line":29,"column":28},"end":{"line":35,"column":3}}],"line":29},"2":{"loc":{"start":{"line":43,"column":19},"end":{"line":47,"column":3}},"type":"binary-expr","locations":[{"start":{"line":43,"column":19},"end":{"line":43,"column":24}},{"start":{"line":43,"column":28},"end":{"line":47,"column":3}}],"line":43},"3":{"loc":{"start":{"line":66,"column":19},"end":{"line":70,"column":3}},"type":"binary-expr","locations":[{"start":{"line":66,"column":19},"end":{"line":66,"column":24}},{"start":{"line":66,"column":28},"end":{"line":70,"column":3}}],"line":66},"4":{"loc":{"start":{"line":74,"column":2},"end":{"line":95,"column":3}},"type":"if","locations":[{"start":{"line":74,"column":2},"end":{"line":95,"column":3}},{"start":{"line":74,"column":2},"end":{"line":95,"column":3}}],"line":74},"5":{"loc":{"start":{"line":78,"column":29},"end":{"line":80,"column":38}},"type":"cond-expr","locations":[{"start":{"line":79,"column":8},"end":{"line":79,"column":63}},{"start":{"line":80,"column":8},"end":{"line":80,"column":38}}],"line":78},"6":{"loc":{"start":{"line":88,"column":9},"end":{"line":91,"column":26}},"type":"binary-expr","locations":[{"start":{"line":88,"column":9},"end":{"line":88,"column":22}},{"start":{"line":89,"column":10},"end":{"line":91,"column":26}}],"line":88}},"s":{"0":3,"1":0,"2":0,"3":3,"4":0,"5":3,"6":0,"7":3,"8":2,"9":2,"10":2,"11":0,"12":2,"13":0,"14":3,"15":3},"f":{"0":0,"1":0,"2":0,"3":0,"4":2,"5":0},"b":{"0":[0,0],"1":[0,0],"2":[0,0],"3":[0,0],"4":[2,0],"5":[0,0],"6":[2,2]},"_coverageSchema":"43e27e138ebf9cfc5966b082cf9a028302ed4184","hash":"224b18fc01c684b788694dead4179aee0742d944"}
,"/Users/moinaksaha/Personal/git/goExchange/challenges/src/components/PaymentMask/index.js": {"path":"/Users/moinaksaha/Personal/git/goExchange/challenges/src/components/PaymentMask/index.js","statementMap":{"0":{"start":{"line":28,"column":15},"end":{"line":35,"column":1}},"1":{"start":{"line":38,"column":13},"end":{"line":59,"column":1}},"2":{"start":{"line":62,"column":28},"end":{"line":70,"column":1}},"3":{"start":{"line":73,"column":27},"end":{"line":80,"column":1}},"4":{"start":{"line":83,"column":23},"end":{"line":88,"column":1}},"5":{"start":{"line":91,"column":20},"end":{"line":97,"column":1}},"6":{"start":{"line":102,"column":4},"end":{"line":102,"column":17}},"7":{"start":{"line":104,"column":4},"end":{"line":108,"column":5}},"8":{"start":{"line":113,"column":4},"end":{"line":117,"column":5}},"9":{"start":{"line":114,"column":6},"end":{"line":116,"column":15}},"10":{"start":{"line":115,"column":8},"end":{"line":115,"column":32}},"11":{"start":{"line":122,"column":4},"end":{"line":122,"column":29}},"12":{"start":{"line":123,"column":43},"end":{"line":123,"column":53}},"13":{"start":{"line":124,"column":4},"end":{"line":124,"column":33}},"14":{"start":{"line":125,"column":4},"end":{"line":125,"column":28}},"15":{"start":{"line":130,"column":4},"end":{"line":134,"column":6}},"16":{"start":{"line":139,"column":4},"end":{"line":139,"column":28}},"17":{"start":{"line":140,"column":39},"end":{"line":140,"column":49}},"18":{"start":{"line":141,"column":4},"end":{"line":141,"column":29}},"19":{"start":{"line":147,"column":34},"end":{"line":147,"column":44}},"20":{"start":{"line":148,"column":31},"end":{"line":148,"column":41}},"21":{"start":{"line":149,"column":19},"end":{"line":149,"column":37}},"22":{"start":{"line":150,"column":4},"end":{"line":164,"column":5}},"23":{"start":{"line":151,"column":6},"end":{"line":153,"column":8}},"24":{"start":{"line":154,"column":6},"end":{"line":159,"column":8}},"25":{"start":{"line":161,"column":6},"end":{"line":163,"column":8}},"26":{"start":{"line":169,"column":4},"end":{"line":172,"column":6}},"27":{"start":{"line":176,"column":45},"end":{"line":176,"column":55}},"28":{"start":{"line":177,"column":61},"end":{"line":177,"column":71}},"29":{"start":{"line":180,"column":4},"end":{"line":182,"column":5}},"30":{"start":{"line":181,"column":6},"end":{"line":181,"column":18}},"31":{"start":{"line":185,"column":21},"end":{"line":195,"column":6}},"32":{"start":{"line":186,"column":6},"end":{"line":194,"column":14}},"33":{"start":{"line":199,"column":4},"end":{"line":244,"column":5}},"34":{"start":{"line":201,"column":6},"end":{"line":213,"column":7}},"35":{"start":{"line":202,"column":8},"end":{"line":212,"column":9}},"36":{"start":{"line":216,"column":6},"end":{"line":227,"column":7}},"37":{"start":{"line":217,"column":8},"end":{"line":226,"column":9}},"38":{"start":{"line":230,"column":6},"end":{"line":241,"column":7}},"39":{"start":{"line":231,"column":8},"end":{"line":240,"column":9}},"40":{"start":{"line":243,"column":6},"end":{"line":243,"column":18}},"41":{"start":{"line":247,"column":4},"end":{"line":263,"column":5}},"42":{"start":{"line":268,"column":0},"end":{"line":280,"column":2}},"43":{"start":{"line":283,"column":0},"end":{"line":285,"column":2}},"44":{"start":{"line":287,"column":24},"end":{"line":291,"column":1}},"45":{"start":{"line":288,"column":2},"end":{"line":290,"column":4}},"46":{"start":{"line":293,"column":27},"end":{"line":300,"column":3}},"47":{"start":{"line":294,"column":2},"end":{"line":300,"column":3}}},"fnMap":{"0":{"name":"(anonymous_0)","decl":{"start":{"line":101,"column":2},"end":{"line":101,"column":3}},"loc":{"start":{"line":101,"column":21},"end":{"line":109,"column":3}},"line":101},"1":{"name":"(anonymous_1)","decl":{"start":{"line":112,"column":23},"end":{"line":112,"column":24}},"loc":{"start":{"line":112,"column":36},"end":{"line":118,"column":3}},"line":112},"2":{"name":"(anonymous_2)","decl":{"start":{"line":114,"column":17},"end":{"line":114,"column":18}},"loc":{"start":{"line":114,"column":23},"end":{"line":116,"column":7}},"line":114},"3":{"name":"(anonymous_3)","decl":{"start":{"line":121,"column":21},"end":{"line":121,"column":22}},"loc":{"start":{"line":121,"column":27},"end":{"line":126,"column":3}},"line":121},"4":{"name":"(anonymous_4)","decl":{"start":{"line":129,"column":21},"end":{"line":129,"column":22}},"loc":{"start":{"line":129,"column":27},"end":{"line":135,"column":3}},"line":129},"5":{"name":"(anonymous_5)","decl":{"start":{"line":138,"column":22},"end":{"line":138,"column":23}},"loc":{"start":{"line":138,"column":28},"end":{"line":142,"column":3}},"line":138},"6":{"name":"(anonymous_6)","decl":{"start":{"line":146,"column":20},"end":{"line":146,"column":21}},"loc":{"start":{"line":146,"column":26},"end":{"line":165,"column":3}},"line":146},"7":{"name":"(anonymous_7)","decl":{"start":{"line":168,"column":29},"end":{"line":168,"column":30}},"loc":{"start":{"line":168,"column":40},"end":{"line":173,"column":3}},"line":168},"8":{"name":"(anonymous_8)","decl":{"start":{"line":175,"column":2},"end":{"line":175,"column":3}},"loc":{"start":{"line":175,"column":11},"end":{"line":264,"column":3}},"line":175},"9":{"name":"(anonymous_9)","decl":{"start":{"line":185,"column":48},"end":{"line":185,"column":49}},"loc":{"start":{"line":186,"column":6},"end":{"line":194,"column":14}},"line":186},"10":{"name":"(anonymous_10)","decl":{"start":{"line":287,"column":24},"end":{"line":287,"column":25}},"loc":{"start":{"line":287,"column":33},"end":{"line":291,"column":1}},"line":287},"11":{"name":"(anonymous_11)","decl":{"start":{"line":293,"column":27},"end":{"line":293,"column":28}},"loc":{"start":{"line":294,"column":2},"end":{"line":300,"column":3}},"line":294}},"branchMap":{"0":{"loc":{"start":{"line":113,"column":4},"end":{"line":117,"column":5}},"type":"if","locations":[{"start":{"line":113,"column":4},"end":{"line":117,"column":5}},{"start":{"line":113,"column":4},"end":{"line":117,"column":5}}],"line":113},"1":{"loc":{"start":{"line":113,"column":8},"end":{"line":113,"column":94}},"type":"binary-expr","locations":[{"start":{"line":113,"column":8},"end":{"line":113,"column":48}},{"start":{"line":113,"column":52},"end":{"line":113,"column":94}}],"line":113},"2":{"loc":{"start":{"line":150,"column":4},"end":{"line":164,"column":5}},"type":"if","locations":[{"start":{"line":150,"column":4},"end":{"line":164,"column":5}},{"start":{"line":150,"column":4},"end":{"line":164,"column":5}}],"line":150},"3":{"loc":{"start":{"line":180,"column":4},"end":{"line":182,"column":5}},"type":"if","locations":[{"start":{"line":180,"column":4},"end":{"line":182,"column":5}},{"start":{"line":180,"column":4},"end":{"line":182,"column":5}}],"line":180},"4":{"loc":{"start":{"line":199,"column":4},"end":{"line":244,"column":5}},"type":"if","locations":[{"start":{"line":199,"column":4},"end":{"line":244,"column":5}},{"start":{"line":199,"column":4},"end":{"line":244,"column":5}}],"line":199},"5":{"loc":{"start":{"line":201,"column":6},"end":{"line":213,"column":7}},"type":"if","locations":[{"start":{"line":201,"column":6},"end":{"line":213,"column":7}},{"start":{"line":201,"column":6},"end":{"line":213,"column":7}}],"line":201},"6":{"loc":{"start":{"line":216,"column":6},"end":{"line":227,"column":7}},"type":"if","locations":[{"start":{"line":216,"column":6},"end":{"line":227,"column":7}},{"start":{"line":216,"column":6},"end":{"line":227,"column":7}}],"line":216},"7":{"loc":{"start":{"line":230,"column":6},"end":{"line":241,"column":7}},"type":"if","locations":[{"start":{"line":230,"column":6},"end":{"line":241,"column":7}},{"start":{"line":230,"column":6},"end":{"line":241,"column":7}}],"line":230},"8":{"loc":{"start":{"line":257,"column":9},"end":{"line":260,"column":26}},"type":"binary-expr","locations":[{"start":{"line":257,"column":9},"end":{"line":257,"column":18}},{"start":{"line":258,"column":12},"end":{"line":260,"column":26}}],"line":257}},"s":{"0":4,"1":4,"2":4,"3":4,"4":4,"5":4,"6":0,"7":0,"8":0,"9":0,"10":0,"11":0,"12":0,"13":0,"14":0,"15":0,"16":0,"17":0,"18":0,"19":0,"20":0,"21":0,"22":0,"23":0,"24":0,"25":0,"26":0,"27":0,"28":0,"29":0,"30":0,"31":0,"32":0,"33":0,"34":0,"35":0,"36":0,"37":0,"38":0,"39":0,"40":0,"41":0,"42":4,"43":4,"44":4,"45":0,"46":4,"47":0},"f":{"0":0,"1":0,"2":0,"3":0,"4":0,"5":0,"6":0,"7":0,"8":0,"9":0,"10":0,"11":0},"b":{"0":[0,0],"1":[0,0],"2":[0,0],"3":[0,0],"4":[0,0],"5":[0,0],"6":[0,0],"7":[0,0],"8":[0,0]},"_coverageSchema":"43e27e138ebf9cfc5966b082cf9a028302ed4184","hash":"a245a0aedb8047762fd7cc93f4b463b6ad138e9e"}
,"/Users/moinaksaha/Personal/git/goExchange/challenges/src/containers/App/index.js": {"path":"/Users/moinaksaha/Personal/git/goExchange/challenges/src/containers/App/index.js","statementMap":{"0":{"start":{"line":15,"column":0},"end":{"line":19,"column":1}},"1":{"start":{"line":21,"column":20},"end":{"line":28,"column":1}},"2":{"start":{"line":31,"column":4},"end":{"line":37,"column":6}}},"fnMap":{"0":{"name":"(anonymous_0)","decl":{"start":{"line":30,"column":2},"end":{"line":30,"column":3}},"loc":{"start":{"line":30,"column":11},"end":{"line":38,"column":3}},"line":30}},"branchMap":{},"s":{"0":1,"1":1,"2":2},"f":{"0":2},"b":{},"_coverageSchema":"43e27e138ebf9cfc5966b082cf9a028302ed4184","hash":"fc5d088106af85cd4e572ec8ec0d491b2fd28e13"}
,"/Users/moinaksaha/Personal/git/goExchange/challenges/src/store/store.js": {"path":"/Users/moinaksaha/Personal/git/goExchange/challenges/src/store/store.js","statementMap":{"0":{"start":{"line":10,"column":23},"end":{"line":10,"column":45}},"1":{"start":{"line":12,"column":21},"end":{"line":12,"column":23}},"2":{"start":{"line":13,"column":18},"end":{"line":13,"column":20}},"3":{"start":{"line":14,"column":19},"end":{"line":17,"column":1}},"4":{"start":{"line":19,"column":0},"end":{"line":25,"column":1}},"5":{"start":{"line":20,"column":28},"end":{"line":20,"column":63}},"6":{"start":{"line":22,"column":2},"end":{"line":24,"column":3}},"7":{"start":{"line":23,"column":4},"end":{"line":23,"column":40}},"8":{"start":{"line":27,"column":26},"end":{"line":30,"column":1}},"9":{"start":{"line":32,"column":21},"end":{"line":36,"column":1}}},"fnMap":{},"branchMap":{"0":{"loc":{"start":{"line":19,"column":0},"end":{"line":25,"column":1}},"type":"if","locations":[{"start":{"line":19,"column":0},"end":{"line":25,"column":1}},{"start":{"line":19,"column":0},"end":{"line":25,"column":1}}],"line":19},"1":{"loc":{"start":{"line":22,"column":2},"end":{"line":24,"column":3}},"type":"if","locations":[{"start":{"line":22,"column":2},"end":{"line":24,"column":3}},{"start":{"line":22,"column":2},"end":{"line":24,"column":3}}],"line":22}},"s":{"0":0,"1":0,"2":0,"3":0,"4":0,"5":0,"6":0,"7":0,"8":0,"9":0},"f":{},"b":{"0":[0,0],"1":[0,0]}}
,"/Users/moinaksaha/Personal/git/goExchange/challenges/src/store/actions/charities.js": {"path":"/Users/moinaksaha/Personal/git/goExchange/challenges/src/store/actions/charities.js","statementMap":{"0":{"start":{"line":12,"column":18},"end":{"line":14,"column":9}},"1":{"start":{"line":18,"column":2},"end":{"line":21,"column":4}},"2":{"start":{"line":20,"column":19},"end":{"line":20,"column":46}}},"fnMap":{"0":{"name":"fetchAllCharities","decl":{"start":{"line":17,"column":16},"end":{"line":17,"column":33}},"loc":{"start":{"line":17,"column":36},"end":{"line":22,"column":1}},"line":17},"1":{"name":"(anonymous_1)","decl":{"start":{"line":20,"column":13},"end":{"line":20,"column":14}},"loc":{"start":{"line":20,"column":19},"end":{"line":20,"column":46}},"line":20}},"branchMap":{},"s":{"0":2,"1":0,"2":0},"f":{"0":0,"1":0},"b":{},"_coverageSchema":"43e27e138ebf9cfc5966b082cf9a028302ed4184","hash":"b3566e34d2d1f7b4b884b49d0bc7247e329c7eb5"}
,"/Users/moinaksaha/Personal/git/goExchange/challenges/src/store/actions/donations.js": {"path":"/Users/moinaksaha/Personal/git/goExchange/challenges/src/store/actions/donations.js","statementMap":{"0":{"start":{"line":16,"column":18},"end":{"line":18,"column":9}},"1":{"start":{"line":22,"column":2},"end":{"line":25,"column":4}},"2":{"start":{"line":24,"column":19},"end":{"line":24,"column":45}},"3":{"start":{"line":30,"column":2},"end":{"line":38,"column":4}},"4":{"start":{"line":32,"column":19},"end":{"line":37,"column":6}},"5":{"start":{"line":43,"column":2},"end":{"line":45,"column":3}}},"fnMap":{"0":{"name":"fetchAllDonations","decl":{"start":{"line":21,"column":16},"end":{"line":21,"column":33}},"loc":{"start":{"line":21,"column":36},"end":{"line":26,"column":1}},"line":21},"1":{"name":"(anonymous_1)","decl":{"start":{"line":24,"column":13},"end":{"line":24,"column":14}},"loc":{"start":{"line":24,"column":19},"end":{"line":24,"column":45}},"line":24},"2":{"name":"makePayment","decl":{"start":{"line":29,"column":16},"end":{"line":29,"column":27}},"loc":{"start":{"line":29,"column":65},"end":{"line":39,"column":1}},"line":29},"3":{"name":"(anonymous_3)","decl":{"start":{"line":32,"column":13},"end":{"line":32,"column":14}},"loc":{"start":{"line":32,"column":19},"end":{"line":37,"column":6}},"line":32},"4":{"name":"clearPaymentInProgressData","decl":{"start":{"line":42,"column":16},"end":{"line":42,"column":42}},"loc":{"start":{"line":42,"column":45},"end":{"line":46,"column":1}},"line":42}},"branchMap":{},"s":{"0":4,"1":0,"2":0,"3":0,"4":0,"5":0},"f":{"0":0,"1":0,"2":0,"3":0,"4":0},"b":{},"_coverageSchema":"43e27e138ebf9cfc5966b082cf9a028302ed4184","hash":"9de59a7b19331f173a2954db2c291699aa42be7c"}
,"/Users/moinaksaha/Personal/git/goExchange/challenges/src/store/constants/charities.js": {"path":"/Users/moinaksaha/Personal/git/goExchange/challenges/src/store/constants/charities.js","statementMap":{"0":{"start":{"line":1,"column":41},"end":{"line":1,"column":68}},"1":{"start":{"line":2,"column":41},"end":{"line":2,"column":68}},"2":{"start":{"line":3,"column":39},"end":{"line":3,"column":64}}},"fnMap":{},"branchMap":{},"s":{"0":2,"1":2,"2":2},"f":{},"b":{},"_coverageSchema":"43e27e138ebf9cfc5966b082cf9a028302ed4184","hash":"ba826c1c14c4011001531b145d0ab67ba8496663"}
,"/Users/moinaksaha/Personal/git/goExchange/challenges/src/store/constants/donations.js": {"path":"/Users/moinaksaha/Personal/git/goExchange/challenges/src/store/constants/donations.js","statementMap":{"0":{"start":{"line":1,"column":43},"end":{"line":1,"column":72}},"1":{"start":{"line":2,"column":43},"end":{"line":2,"column":72}},"2":{"start":{"line":3,"column":41},"end":{"line":3,"column":68}},"3":{"start":{"line":5,"column":36},"end":{"line":5,"column":58}},"4":{"start":{"line":6,"column":36},"end":{"line":6,"column":58}},"5":{"start":{"line":7,"column":34},"end":{"line":7,"column":54}},"6":{"start":{"line":9,"column":46},"end":{"line":9,"column":78}},"7":{"start":{"line":11,"column":43},"end":{"line":11,"column":72}},"8":{"start":{"line":12,"column":43},"end":{"line":12,"column":72}},"9":{"start":{"line":13,"column":41},"end":{"line":13,"column":68}}},"fnMap":{},"branchMap":{},"s":{"0":4,"1":4,"2":4,"3":4,"4":4,"5":4,"6":4,"7":4,"8":4,"9":4},"f":{},"b":{},"_coverageSchema":"43e27e138ebf9cfc5966b082cf9a028302ed4184","hash":"7d1a92f4a946a01760efebb967ca6a6925d513bf"}
,"/Users/moinaksaha/Personal/git/goExchange/challenges/src/store/middleware/augmentorMiddleware.js": {"path":"/Users/moinaksaha/Personal/git/goExchange/challenges/src/store/middleware/augmentorMiddleware.js","statementMap":{"0":{"start":{"line":13,"column":2},"end":{"line":51,"column":4}},"1":{"start":{"line":14,"column":4},"end":{"line":50,"column":6}},"2":{"start":{"line":14,"column":19},"end":{"line":50,"column":5}},"3":{"start":{"line":15,"column":6},"end":{"line":17,"column":7}},"4":{"start":{"line":16,"column":8},"end":{"line":16,"column":42}},"5":{"start":{"line":19,"column":42},"end":{"line":19,"column":48}},"6":{"start":{"line":20,"column":6},"end":{"line":22,"column":7}},"7":{"start":{"line":21,"column":8},"end":{"line":21,"column":28}},"8":{"start":{"line":24,"column":42},"end":{"line":24,"column":47}},"9":{"start":{"line":25,"column":6},"end":{"line":25,"column":39}},"10":{"start":{"line":27,"column":28},"end":{"line":27,"column":37}},"11":{"start":{"line":29,"column":6},"end":{"line":47,"column":11}},"12":{"start":{"line":31,"column":20},"end":{"line":31,"column":60}},"13":{"start":{"line":35,"column":10},"end":{"line":43,"column":11}},"14":{"start":{"line":42,"column":12},"end":{"line":42,"column":34}},"15":{"start":{"line":45,"column":10},"end":{"line":45,"column":52}},"16":{"start":{"line":46,"column":10},"end":{"line":46,"column":50}},"17":{"start":{"line":49,"column":6},"end":{"line":49,"column":27}}},"fnMap":{"0":{"name":"augmentorMiddleware","decl":{"start":{"line":12,"column":24},"end":{"line":12,"column":43}},"loc":{"start":{"line":12,"column":46},"end":{"line":52,"column":1}},"line":12},"1":{"name":"(anonymous_1)","decl":{"start":{"line":13,"column":9},"end":{"line":13,"column":10}},"loc":{"start":{"line":13,"column":37},"end":{"line":51,"column":3}},"line":13},"2":{"name":"(anonymous_2)","decl":{"start":{"line":14,"column":11},"end":{"line":14,"column":12}},"loc":{"start":{"line":14,"column":19},"end":{"line":50,"column":5}},"line":14},"3":{"name":"(anonymous_3)","decl":{"start":{"line":14,"column":19},"end":{"line":14,"column":20}},"loc":{"start":{"line":14,"column":29},"end":{"line":50,"column":5}},"line":14},"4":{"name":"(anonymous_4)","decl":{"start":{"line":31,"column":10},"end":{"line":31,"column":11}},"loc":{"start":{"line":31,"column":20},"end":{"line":31,"column":60}},"line":31},"5":{"name":"(anonymous_5)","decl":{"start":{"line":34,"column":15},"end":{"line":34,"column":16}},"loc":{"start":{"line":34,"column":24},"end":{"line":47,"column":9}},"line":34}},"branchMap":{"0":{"loc":{"start":{"line":15,"column":6},"end":{"line":17,"column":7}},"type":"if","locations":[{"start":{"line":15,"column":6},"end":{"line":17,"column":7}},{"start":{"line":15,"column":6},"end":{"line":17,"column":7}}],"line":15},"1":{"loc":{"start":{"line":20,"column":6},"end":{"line":22,"column":7}},"type":"if","locations":[{"start":{"line":20,"column":6},"end":{"line":22,"column":7}},{"start":{"line":20,"column":6},"end":{"line":22,"column":7}}],"line":20},"2":{"loc":{"start":{"line":35,"column":10},"end":{"line":43,"column":11}},"type":"if","locations":[{"start":{"line":35,"column":10},"end":{"line":43,"column":11}},{"start":{"line":35,"column":10},"end":{"line":43,"column":11}}],"line":35},"3":{"loc":{"start":{"line":36,"column":12},"end":{"line":39,"column":43}},"type":"binary-expr","locations":[{"start":{"line":36,"column":12},"end":{"line":36,"column":17}},{"start":{"line":37,"column":14},"end":{"line":37,"column":28}},{"start":{"line":38,"column":14},"end":{"line":38,"column":35}},{"start":{"line":39,"column":14},"end":{"line":39,"column":43}}],"line":36}},"s":{"0":0,"1":0,"2":0,"3":0,"4":0,"5":0,"6":0,"7":0,"8":0,"9":0,"10":0,"11":0,"12":0,"13":0,"14":0,"15":0,"16":0,"17":0},"f":{"0":0,"1":0,"2":0,"3":0,"4":0,"5":0},"b":{"0":[0,0],"1":[0,0],"2":[0,0],"3":[0,0,0,0]}}
,"/Users/moinaksaha/Personal/git/goExchange/challenges/src/store/reducers/charities.js": {"path":"/Users/moinaksaha/Personal/git/goExchange/challenges/src/store/reducers/charities.js","statementMap":{"0":{"start":{"line":7,"column":21},"end":{"line":13,"column":1}},"1":{"start":{"line":16,"column":2},"end":{"line":51,"column":3}},"2":{"start":{"line":18,"column":6},"end":{"line":24,"column":8}},"3":{"start":{"line":27,"column":6},"end":{"line":34,"column":8}},"4":{"start":{"line":37,"column":6},"end":{"line":44,"column":8}},"5":{"start":{"line":48,"column":6},"end":{"line":50,"column":8}}},"fnMap":{"0":{"name":"reducer","decl":{"start":{"line":15,"column":24},"end":{"line":15,"column":31}},"loc":{"start":{"line":15,"column":66},"end":{"line":52,"column":1}},"line":15}},"branchMap":{"0":{"loc":{"start":{"line":15,"column":33},"end":{"line":15,"column":51}},"type":"default-arg","locations":[{"start":{"line":15,"column":39},"end":{"line":15,"column":51}}],"line":15},"1":{"loc":{"start":{"line":15,"column":53},"end":{"line":15,"column":64}},"type":"default-arg","locations":[{"start":{"line":15,"column":62},"end":{"line":15,"column":64}}],"line":15},"2":{"loc":{"start":{"line":16,"column":2},"end":{"line":51,"column":3}},"type":"switch","locations":[{"start":{"line":17,"column":4},"end":{"line":24,"column":8}},{"start":{"line":26,"column":4},"end":{"line":34,"column":8}},{"start":{"line":36,"column":4},"end":{"line":44,"column":8}},{"start":{"line":47,"column":4},"end":{"line":50,"column":8}}],"line":16}},"s":{"0":0,"1":0,"2":0,"3":0,"4":0,"5":0},"f":{"0":0},"b":{"0":[0],"1":[0],"2":[0,0,0,0]}}
,"/Users/moinaksaha/Personal/git/goExchange/challenges/src/store/reducers/donations.js": {"path":"/Users/moinaksaha/Personal/git/goExchange/challenges/src/store/reducers/donations.js","statementMap":{"0":{"start":{"line":11,"column":21},"end":{"line":22,"column":1}},"1":{"start":{"line":25,"column":2},"end":{"line":102,"column":3}},"2":{"start":{"line":27,"column":6},"end":{"line":33,"column":8}},"3":{"start":{"line":36,"column":6},"end":{"line":43,"column":8}},"4":{"start":{"line":46,"column":6},"end":{"line":53,"column":8}},"5":{"start":{"line":56,"column":6},"end":{"line":62,"column":8}},"6":{"start":{"line":66,"column":28},"end":{"line":66,"column":48}},"7":{"start":{"line":67,"column":6},"end":{"line":78,"column":8}},"8":{"start":{"line":81,"column":6},"end":{"line":88,"column":8}},"9":{"start":{"line":91,"column":6},"end":{"line":96,"column":7}},"10":{"start":{"line":99,"column":6},"end":{"line":101,"column":8}}},"fnMap":{"0":{"name":"reducer","decl":{"start":{"line":24,"column":24},"end":{"line":24,"column":31}},"loc":{"start":{"line":24,"column":66},"end":{"line":103,"column":1}},"line":24}},"branchMap":{"0":{"loc":{"start":{"line":24,"column":33},"end":{"line":24,"column":51}},"type":"default-arg","locations":[{"start":{"line":24,"column":39},"end":{"line":24,"column":51}}],"line":24},"1":{"loc":{"start":{"line":24,"column":53},"end":{"line":24,"column":64}},"type":"default-arg","locations":[{"start":{"line":24,"column":62},"end":{"line":24,"column":64}}],"line":24},"2":{"loc":{"start":{"line":25,"column":2},"end":{"line":102,"column":3}},"type":"switch","locations":[{"start":{"line":26,"column":4},"end":{"line":33,"column":8}},{"start":{"line":35,"column":4},"end":{"line":43,"column":8}},{"start":{"line":45,"column":4},"end":{"line":53,"column":8}},{"start":{"line":55,"column":4},"end":{"line":62,"column":8}},{"start":{"line":64,"column":4},"end":{"line":78,"column":8}},{"start":{"line":80,"column":4},"end":{"line":88,"column":8}},{"start":{"line":90,"column":4},"end":{"line":96,"column":7}},{"start":{"line":98,"column":4},"end":{"line":101,"column":8}}],"line":25}},"s":{"0":0,"1":0,"2":0,"3":0,"4":0,"5":0,"6":0,"7":0,"8":0,"9":0,"10":0},"f":{"0":0},"b":{"0":[0],"1":[0],"2":[0,0,0,0,0,0,0,0]}}
,"/Users/moinaksaha/Personal/git/goExchange/challenges/src/store/reducers/index.js": {"path":"/Users/moinaksaha/Personal/git/goExchange/challenges/src/store/reducers/index.js","statementMap":{},"fnMap":{},"branchMap":{},"s":{},"f":{},"b":{}}
,"/Users/moinaksaha/Personal/git/goExchange/challenges/src/utils/createRestApiClient.js": {"path":"/Users/moinaksaha/Personal/git/goExchange/challenges/src/utils/createRestApiClient.js","statementMap":{"0":{"start":{"line":5,"column":0},"end":{"line":5,"column":11}},"1":{"start":{"line":10,"column":4},"end":{"line":10,"column":39}},"2":{"start":{"line":14,"column":4},"end":{"line":14,"column":40}},"3":{"start":{"line":18,"column":28},"end":{"line":20,"column":2}},"4":{"start":{"line":18,"column":35},"end":{"line":20,"column":1}},"5":{"start":{"line":19,"column":24},"end":{"line":19,"column":49}}},"fnMap":{"0":{"name":"(anonymous_0)","decl":{"start":{"line":8,"column":2},"end":{"line":8,"column":3}},"loc":{"start":{"line":8,"column":22},"end":{"line":11,"column":3}},"line":8},"1":{"name":"(anonymous_1)","decl":{"start":{"line":13,"column":2},"end":{"line":13,"column":3}},"loc":{"start":{"line":13,"column":19},"end":{"line":15,"column":3}},"line":13},"2":{"name":"(anonymous_2)","decl":{"start":{"line":18,"column":28},"end":{"line":18,"column":29}},"loc":{"start":{"line":18,"column":35},"end":{"line":20,"column":1}},"line":18},"3":{"name":"(anonymous_3)","decl":{"start":{"line":19,"column":14},"end":{"line":19,"column":15}},"loc":{"start":{"line":19,"column":24},"end":{"line":19,"column":49}},"line":19}},"branchMap":{},"s":{"0":4,"1":6,"2":0,"3":4,"4":6,"5":6},"f":{"0":6,"1":0,"2":6,"3":6},"b":{},"_coverageSchema":"43e27e138ebf9cfc5966b082cf9a028302ed4184","hash":"b58d7cb56f89fa8fac6cba7d232261aee750ca26"}
,"/Users/moinaksaha/Personal/git/goExchange/challenges/src/utils/helpers.js": {"path":"/Users/moinaksaha/Personal/git/goExchange/challenges/src/utils/helpers.js","statementMap":{"0":{"start":{"line":1,"column":32},"end":{"line":6,"column":1}},"1":{"start":{"line":2,"column":2},"end":{"line":4,"column":3}},"2":{"start":{"line":3,"column":4},"end":{"line":3,"column":97}},"3":{"start":{"line":3,"column":52},"end":{"line":3,"column":95}},"4":{"start":{"line":5,"column":2},"end":{"line":5,"column":11}},"5":{"start":{"line":8,"column":44},"end":{"line":27,"column":1}},"6":{"start":{"line":10,"column":2},"end":{"line":23,"column":3}},"7":{"start":{"line":11,"column":20},"end":{"line":20,"column":10}},"8":{"start":{"line":12,"column":6},"end":{"line":18,"column":7}},"9":{"start":{"line":13,"column":8},"end":{"line":17,"column":9}},"10":{"start":{"line":14,"column":10},"end":{"line":14,"column":43}},"11":{"start":{"line":16,"column":10},"end":{"line":16,"column":44}},"12":{"start":{"line":19,"column":6},"end":{"line":19,"column":17}},"13":{"start":{"line":22,"column":4},"end":{"line":22,"column":19}},"14":{"start":{"line":25,"column":2},"end":{"line":25,"column":14}},"15":{"start":{"line":30,"column":38},"end":{"line":44,"column":1}},"16":{"start":{"line":31,"column":2},"end":{"line":42,"column":3}},"17":{"start":{"line":32,"column":16},"end":{"line":40,"column":6}},"18":{"start":{"line":33,"column":6},"end":{"line":36,"column":7}},"19":{"start":{"line":41,"column":4},"end":{"line":41,"column":15}},"20":{"start":{"line":43,"column":2},"end":{"line":43,"column":14}}},"fnMap":{"0":{"name":"(anonymous_0)","decl":{"start":{"line":1,"column":32},"end":{"line":1,"column":33}},"loc":{"start":{"line":1,"column":47},"end":{"line":6,"column":1}},"line":1},"1":{"name":"(anonymous_1)","decl":{"start":{"line":3,"column":28},"end":{"line":3,"column":29}},"loc":{"start":{"line":3,"column":52},"end":{"line":3,"column":95}},"line":3},"2":{"name":"(anonymous_2)","decl":{"start":{"line":8,"column":44},"end":{"line":8,"column":45}},"loc":{"start":{"line":8,"column":59},"end":{"line":27,"column":1}},"line":8},"3":{"name":"(anonymous_3)","decl":{"start":{"line":11,"column":37},"end":{"line":11,"column":38}},"loc":{"start":{"line":11,"column":58},"end":{"line":20,"column":5}},"line":11},"4":{"name":"(anonymous_4)","decl":{"start":{"line":30,"column":38},"end":{"line":30,"column":39}},"loc":{"start":{"line":30,"column":53},"end":{"line":44,"column":1}},"line":30},"5":{"name":"(anonymous_5)","decl":{"start":{"line":32,"column":33},"end":{"line":32,"column":34}},"loc":{"start":{"line":33,"column":6},"end":{"line":36,"column":7}},"line":33}},"branchMap":{"0":{"loc":{"start":{"line":2,"column":2},"end":{"line":4,"column":3}},"type":"if","locations":[{"start":{"line":2,"column":2},"end":{"line":4,"column":3}},{"start":{"line":2,"column":2},"end":{"line":4,"column":3}}],"line":2},"1":{"loc":{"start":{"line":2,"column":6},"end":{"line":2,"column":35}},"type":"binary-expr","locations":[{"start":{"line":2,"column":6},"end":{"line":2,"column":15}},{"start":{"line":2,"column":19},"end":{"line":2,"column":35}}],"line":2},"2":{"loc":{"start":{"line":3,"column":52},"end":{"line":3,"column":95}},"type":"cond-expr","locations":[{"start":{"line":3,"column":62},"end":{"line":3,"column":81}},{"start":{"line":3,"column":84},"end":{"line":3,"column":95}}],"line":3},"3":{"loc":{"start":{"line":10,"column":2},"end":{"line":23,"column":3}},"type":"if","locations":[{"start":{"line":10,"column":2},"end":{"line":23,"column":3}},{"start":{"line":10,"column":2},"end":{"line":23,"column":3}}],"line":10},"4":{"loc":{"start":{"line":10,"column":6},"end":{"line":10,"column":35}},"type":"binary-expr","locations":[{"start":{"line":10,"column":6},"end":{"line":10,"column":15}},{"start":{"line":10,"column":19},"end":{"line":10,"column":35}}],"line":10},"5":{"loc":{"start":{"line":12,"column":6},"end":{"line":18,"column":7}},"type":"if","locations":[{"start":{"line":12,"column":6},"end":{"line":18,"column":7}},{"start":{"line":12,"column":6},"end":{"line":18,"column":7}}],"line":12},"6":{"loc":{"start":{"line":12,"column":10},"end":{"line":12,"column":68}},"type":"binary-expr","locations":[{"start":{"line":12,"column":10},"end":{"line":12,"column":21}},{"start":{"line":12,"column":24},"end":{"line":12,"column":40}},{"start":{"line":12,"column":44},"end":{"line":12,"column":57}},{"start":{"line":12,"column":61},"end":{"line":12,"column":68}}],"line":12},"7":{"loc":{"start":{"line":13,"column":8},"end":{"line":17,"column":9}},"type":"if","locations":[{"start":{"line":13,"column":8},"end":{"line":17,"column":9}},{"start":{"line":13,"column":8},"end":{"line":17,"column":9}}],"line":13},"8":{"loc":{"start":{"line":31,"column":2},"end":{"line":42,"column":3}},"type":"if","locations":[{"start":{"line":31,"column":2},"end":{"line":42,"column":3}},{"start":{"line":31,"column":2},"end":{"line":42,"column":3}}],"line":31},"9":{"loc":{"start":{"line":31,"column":6},"end":{"line":31,"column":35}},"type":"binary-expr","locations":[{"start":{"line":31,"column":6},"end":{"line":31,"column":15}},{"start":{"line":31,"column":19},"end":{"line":31,"column":35}}],"line":31},"10":{"loc":{"start":{"line":35,"column":22},"end":{"line":35,"column":98}},"type":"cond-expr","locations":[{"start":{"line":35,"column":46},"end":{"line":35,"column":80}},{"start":{"line":35,"column":82},"end":{"line":35,"column":98}}],"line":35}},"s":{"0":4,"1":2,"2":1,"3":3,"4":1,"5":4,"6":2,"7":1,"8":6,"9":6,"10":2,"11":4,"12":6,"13":1,"14":1,"15":4,"16":14,"17":2,"18":3,"19":2,"20":12},"f":{"0":2,"1":3,"2":2,"3":6,"4":14,"5":3},"b":{"0":[1,1],"1":[2,1],"2":[3,0],"3":[1,1],"4":[2,1],"5":[6,0],"6":[6,6,6,6],"7":[2,4],"8":[2,12],"9":[14,13],"10":[1,2]},"_coverageSchema":"43e27e138ebf9cfc5966b082cf9a028302ed4184","hash":"b0f469f50d95a7ff134ddbf1dcd3741ce295c831"}
,"/Users/moinaksaha/Personal/git/goExchange/challenges/src/utils/testUtils.js": {"path":"/Users/moinaksaha/Personal/git/goExchange/challenges/src/utils/testUtils.js","statementMap":{"0":{"start":{"line":7,"column":15},"end":{"line":13,"column":1}},"1":{"start":{"line":15,"column":22},"end":{"line":18,"column":2}},"2":{"start":{"line":15,"column":29},"end":{"line":18,"column":1}},"3":{"start":{"line":21,"column":2},"end":{"line":21,"column":38}},"4":{"start":{"line":25,"column":2},"end":{"line":25,"column":40}}},"fnMap":{"0":{"name":"(anonymous_0)","decl":{"start":{"line":15,"column":22},"end":{"line":15,"column":23}},"loc":{"start":{"line":15,"column":29},"end":{"line":18,"column":1}},"line":15},"1":{"name":"mountWrap","decl":{"start":{"line":20,"column":16},"end":{"line":20,"column":25}},"loc":{"start":{"line":20,"column":32},"end":{"line":22,"column":1}},"line":20},"2":{"name":"shallowWrap","decl":{"start":{"line":24,"column":16},"end":{"line":24,"column":27}},"loc":{"start":{"line":24,"column":34},"end":{"line":26,"column":1}},"line":24}},"branchMap":{},"s":{"0":1,"1":1,"2":2,"3":0,"4":2},"f":{"0":2,"1":0,"2":2},"b":{},"_coverageSchema":"43e27e138ebf9cfc5966b082cf9a028302ed4184","hash":"9acb464f949152fcf22603fbfeff802e077bd6cf"}
}
