TN:
SF:/Users/moinaksaha/Personal/git/goExchange/challenges/src/App.js
FNF:0
FNH:0
LF:0
LH:0
BRF:0
BRH:0
end_of_record
TN:
SF:/Users/moinaksaha/Personal/git/goExchange/challenges/src/index.js
FNF:0
FNH:0
DA:11,0
LF:1
LH:0
BRF:0
BRH:0
end_of_record
TN:
SF:/Users/moinaksaha/Personal/git/goExchange/challenges/src/components/ButtonPrimary/index.js
FN:26,(anonymous_0)
FNF:1
FNH:1
FNDA:2,(anonymous_0)
DA:6,5
DA:26,5
DA:27,2
DA:32,5
DA:36,5
LF:5
LH:5
BRF:0
BRH:0
end_of_record
TN:
SF:/Users/moinaksaha/Personal/git/goExchange/challenges/src/components/Card/index.js
FN:17,(anonymous_0)
FN:70,(anonymous_1)
FN:77,(anonymous_2)
FN:83,(anonymous_3)
FN:89,(anonymous_4)
FNF:5
FNH:2
FNDA:0,(anonymous_0)
FNDA:2,(anonymous_1)
FNDA:0,(anonymous_2)
FNDA:0,(anonymous_3)
FNDA:2,(anonymous_4)
DA:15,3
DA:17,0
DA:27,3
DA:35,3
DA:50,3
DA:57,3
DA:62,3
DA:71,2
DA:72,2
DA:78,0
DA:84,0
DA:90,2
DA:91,2
DA:92,2
DA:94,2
DA:122,3
DA:127,3
LF:17
LH:14
BRDA:106,0,0,2
BRDA:106,0,1,0
BRF:2
BRH:1
end_of_record
TN:
SF:/Users/moinaksaha/Personal/git/goExchange/challenges/src/components/DonationPage/index.js
FN:30,(anonymous_0)
FN:36,(anonymous_1)
FN:39,(anonymous_2)
FN:44,(anonymous_3)
FN:76,(anonymous_4)
FN:98,(anonymous_5)
FN:105,(anonymous_6)
FNF:7
FNH:0
FNDA:0,(anonymous_0)
FNDA:0,(anonymous_1)
FNDA:0,(anonymous_2)
FNDA:0,(anonymous_3)
FNDA:0,(anonymous_4)
FNDA:0,(anonymous_5)
FNDA:0,(anonymous_6)
DA:22,2
DA:31,0
DA:32,0
DA:33,0
DA:37,0
DA:38,0
DA:39,0
DA:41,0
DA:45,0
DA:47,0
DA:48,0
DA:51,0
DA:52,0
DA:54,0
DA:55,0
DA:65,0
DA:69,0
DA:77,0
DA:91,2
DA:98,2
DA:99,0
DA:105,2
DA:106,0
LF:23
LH:4
BRDA:38,0,0,0
BRDA:38,0,1,0
BRDA:38,1,0,0
BRDA:38,1,1,0
BRDA:38,1,2,0
BRDA:47,2,0,0
BRDA:47,2,1,0
BRDA:51,3,0,0
BRDA:51,3,1,0
BRDA:54,4,0,0
BRDA:54,4,1,0
BRDA:54,5,0,0
BRDA:54,5,1,0
BRDA:54,5,2,0
BRDA:65,6,0,0
BRDA:65,6,1,0
BRDA:65,7,0,0
BRDA:65,7,1,0
BRDA:65,7,2,0
BRF:19
BRH:0
end_of_record
TN:
SF:/Users/moinaksaha/Personal/git/goExchange/challenges/src/components/GenericMessage/index.js
FN:8,(anonymous_0)
FN:17,(anonymous_1)
FN:46,(anonymous_2)
FNF:3
FNH:2
FNDA:0,(anonymous_0)
FNDA:2,(anonymous_1)
FNDA:2,(anonymous_2)
DA:7,5
DA:8,0
DA:11,5
DA:17,5
DA:18,2
DA:20,0
DA:24,0
DA:28,0
DA:32,0
DA:36,2
DA:40,0
DA:46,5
DA:47,2
DA:54,5
DA:59,5
LF:15
LH:9
BRDA:18,0,0,0
BRDA:18,0,1,0
BRDA:18,0,2,0
BRDA:18,0,3,0
BRDA:18,0,4,2
BRDA:18,0,5,0
BRF:6
BRH:1
end_of_record
TN:
SF:/Users/moinaksaha/Personal/git/goExchange/challenges/src/components/Header/index.js
FN:25,(anonymous_0)
FN:29,(anonymous_1)
FNF:2
FNH:1
FNDA:2,(anonymous_0)
FNDA:0,(anonymous_1)
DA:7,3
DA:12,3
DA:18,3
DA:25,3
DA:26,2
DA:27,2
DA:29,2
DA:30,0
DA:35,2
DA:48,0
DA:51,3
DA:55,3
LF:12
LH:10
BRDA:26,0,0,2
BRDA:26,0,1,0
BRDA:30,1,0,0
BRDA:30,1,1,0
BRDA:40,2,0,2
BRDA:40,2,1,2
BRF:6
BRH:3
end_of_record
TN:
SF:/Users/moinaksaha/Personal/git/goExchange/challenges/src/components/PaymentMask/index.js
FN:91,(anonymous_0)
FN:100,(anonymous_1)
FN:102,(anonymous_2)
FN:108,(anonymous_3)
FN:115,(anonymous_4)
FN:123,(anonymous_5)
FN:129,(anonymous_6)
FN:151,(anonymous_7)
FN:158,(anonymous_8)
FN:166,(anonymous_9)
FN:260,(anonymous_10)
FN:266,(anonymous_11)
FNF:12
FNH:0
FNDA:0,(anonymous_0)
FNDA:0,(anonymous_1)
FNDA:0,(anonymous_2)
FNDA:0,(anonymous_3)
FNDA:0,(anonymous_4)
FNDA:0,(anonymous_5)
FNDA:0,(anonymous_6)
FNDA:0,(anonymous_7)
FNDA:0,(anonymous_8)
FNDA:0,(anonymous_9)
FNDA:0,(anonymous_10)
FNDA:0,(anonymous_11)
DA:23,4
DA:32,4
DA:55,4
DA:65,4
DA:74,4
DA:81,4
DA:92,0
DA:93,0
DA:101,0
DA:102,0
DA:103,0
DA:109,0
DA:110,0
DA:111,0
DA:112,0
DA:116,0
DA:124,0
DA:125,0
DA:126,0
DA:130,0
DA:131,0
DA:132,0
DA:133,0
DA:134,0
DA:137,0
DA:144,0
DA:145,0
DA:152,0
DA:159,0
DA:160,0
DA:162,0
DA:163,0
DA:166,0
DA:167,0
DA:178,0
DA:179,0
DA:180,0
DA:193,0
DA:194,0
DA:206,0
DA:207,0
DA:219,0
DA:222,0
DA:242,4
DA:256,4
DA:260,4
DA:261,0
DA:266,4
DA:267,0
LF:49
LH:10
BRDA:101,0,0,0
BRDA:101,0,1,0
BRDA:101,1,0,0
BRDA:101,1,1,0
BRDA:133,2,0,0
BRDA:133,2,1,0
BRDA:162,3,0,0
BRDA:162,3,1,0
BRDA:178,4,0,0
BRDA:178,4,1,0
BRDA:179,5,0,0
BRDA:179,5,1,0
BRDA:193,6,0,0
BRDA:193,6,1,0
BRDA:206,7,0,0
BRDA:206,7,1,0
BRDA:232,8,0,0
BRDA:232,8,1,0
BRF:18
BRH:0
end_of_record
TN:
SF:/Users/moinaksaha/Personal/git/goExchange/challenges/src/containers/App/index.js
FN:22,(anonymous_0)
FNF:1
FNH:1
FNDA:2,(anonymous_0)
DA:11,1
DA:16,1
DA:23,2
LF:3
LH:3
BRF:0
BRH:0
end_of_record
TN:
SF:/Users/moinaksaha/Personal/git/goExchange/challenges/src/store/store.js
FNF:0
FNH:0
DA:10,0
DA:12,0
DA:13,0
DA:14,0
DA:27,0
DA:32,0
LF:6
LH:0
BRF:0
BRH:0
end_of_record
TN:
SF:/Users/moinaksaha/Personal/git/goExchange/challenges/src/store/actions/charities.js
FN:13,fetchAllCharities
FN:16,(anonymous_1)
FNF:2
FNH:0
FNDA:0,fetchAllCharities
FNDA:0,(anonymous_1)
DA:9,2
DA:14,0
DA:16,0
LF:3
LH:1
BRF:0
BRH:0
end_of_record
TN:
SF:/Users/moinaksaha/Personal/git/goExchange/challenges/src/store/actions/donations.js
FN:17,fetchAllDonations
FN:20,(anonymous_1)
FN:24,makePayment
FN:27,(anonymous_3)
FN:36,clearPaymentInProgressData
FNF:5
FNH:0
FNDA:0,fetchAllDonations
FNDA:0,(anonymous_1)
FNDA:0,makePayment
FNDA:0,(anonymous_3)
FNDA:0,clearPaymentInProgressData
DA:13,4
DA:18,0
DA:20,0
DA:25,0
DA:27,0
DA:37,0
LF:6
LH:1
BRF:0
BRH:0
end_of_record
TN:
SF:/Users/moinaksaha/Personal/git/goExchange/challenges/src/store/constants/charities.js
FNF:0
FNH:0
DA:1,2
DA:2,2
DA:3,2
LF:3
LH:3
BRF:0
BRH:0
end_of_record
TN:
SF:/Users/moinaksaha/Personal/git/goExchange/challenges/src/store/constants/donations.js
FNF:0
FNH:0
DA:1,4
DA:2,4
DA:3,4
DA:5,4
DA:6,4
DA:7,4
DA:9,4
DA:11,4
DA:12,4
DA:13,4
LF:10
LH:10
BRF:0
BRH:0
end_of_record
TN:
SF:/Users/moinaksaha/Personal/git/goExchange/challenges/src/store/middleware/augmentorMiddleware.js
FN:12,augmentorMiddleware
FN:13,(anonymous_1)
FN:14,(anonymous_2)
FN:14,(anonymous_3)
FN:31,(anonymous_4)
FN:34,(anonymous_5)
FNF:6
FNH:0
FNDA:0,augmentorMiddleware
FNDA:0,(anonymous_1)
FNDA:0,(anonymous_2)
FNDA:0,(anonymous_3)
FNDA:0,(anonymous_4)
FNDA:0,(anonymous_5)
DA:13,0
DA:14,0
DA:15,0
DA:16,0
DA:19,0
DA:20,0
DA:21,0
DA:24,0
DA:25,0
DA:27,0
DA:29,0
DA:31,0
DA:35,0
DA:42,0
DA:45,0
DA:46,0
DA:49,0
LF:17
LH:0
BRDA:15,0,0,0
BRDA:15,0,1,0
BRDA:20,1,0,0
BRDA:20,1,1,0
BRDA:35,2,0,0
BRDA:35,2,1,0
BRDA:36,3,0,0
BRDA:36,3,1,0
BRDA:36,3,2,0
BRDA:36,3,3,0
BRF:10
BRH:0
end_of_record
TN:
SF:/Users/moinaksaha/Personal/git/goExchange/challenges/src/store/reducers/charities.js
FN:15,reducer
FNF:1
FNH:0
FNDA:0,reducer
DA:7,0
DA:16,0
DA:18,0
DA:27,0
DA:37,0
DA:48,0
LF:6
LH:0
BRDA:15,0,0,0
BRDA:15,1,0,0
BRDA:16,2,0,0
BRDA:16,2,1,0
BRDA:16,2,2,0
BRDA:16,2,3,0
BRF:6
BRH:0
end_of_record
TN:
SF:/Users/moinaksaha/Personal/git/goExchange/challenges/src/store/reducers/donations.js
FN:24,reducer
FNF:1
FNH:0
FNDA:0,reducer
DA:11,0
DA:25,0
DA:27,0
DA:36,0
DA:46,0
DA:56,0
DA:66,0
DA:67,0
DA:81,0
DA:91,0
DA:99,0
LF:11
LH:0
BRDA:24,0,0,0
BRDA:24,1,0,0
BRDA:25,2,0,0
BRDA:25,2,1,0
BRDA:25,2,2,0
BRDA:25,2,3,0
BRDA:25,2,4,0
BRDA:25,2,5,0
BRDA:25,2,6,0
BRDA:25,2,7,0
BRF:10
BRH:0
end_of_record
TN:
SF:/Users/moinaksaha/Personal/git/goExchange/challenges/src/store/reducers/index.js
FNF:0
FNH:0
LF:0
LH:0
BRF:0
BRH:0
end_of_record
TN:
SF:/Users/moinaksaha/Personal/git/goExchange/challenges/src/utils/createRestApiClient.js
FN:7,(anonymous_0)
FN:12,(anonymous_1)
FN:17,(anonymous_2)
FN:18,(anonymous_3)
FNF:4
FNH:3
FNDA:6,(anonymous_0)
FNDA:0,(anonymous_1)
FNDA:6,(anonymous_2)
FNDA:6,(anonymous_3)
DA:4,4
DA:9,6
DA:13,0
DA:17,6
DA:18,6
LF:5
LH:4
BRF:0
BRH:0
end_of_record
TN:
SF:/Users/moinaksaha/Personal/git/goExchange/challenges/src/utils/helpers.js
FN:1,(anonymous_0)
FN:1,(anonymous_1)
FN:3,(anonymous_2)
FN:4,(anonymous_3)
FN:19,(anonymous_4)
FN:21,(anonymous_5)
FNF:6
FNH:6
FNDA:1,(anonymous_0)
FNDA:3,(anonymous_1)
FNDA:1,(anonymous_2)
FNDA:6,(anonymous_3)
FNDA:3,(anonymous_4)
FNDA:2,(anonymous_5)
DA:1,4
DA:3,4
DA:4,1
DA:5,6
DA:6,6
DA:7,2
DA:9,4
DA:12,6
DA:15,1
DA:19,4
DA:20,3
DA:21,1
DA:22,2
DA:30,1
DA:32,2
LF:15
LH:15
BRDA:1,0,0,3
BRDA:1,0,1,0
BRDA:5,1,0,6
BRDA:5,1,1,0
BRDA:5,2,0,6
BRDA:5,2,1,6
BRDA:5,2,2,6
BRDA:5,2,3,6
BRDA:6,3,0,2
BRDA:6,3,1,4
BRDA:20,4,0,1
BRDA:20,4,1,2
BRDA:20,5,0,3
BRDA:20,5,1,3
BRDA:24,6,0,1
BRDA:24,6,1,1
BRF:16
BRH:14
end_of_record
