TN:
SF:/Users/moinaksaha/Personal/git/goExchange/challenges/src/index.js
FNF:0
FNH:0
DA:8,0
LF:1
LH:0
BRF:0
BRH:0
end_of_record
TN:
SF:/Users/moinaksaha/Personal/git/goExchange/challenges/src/components/ButtonPrimary/index.js
FN:32,(anonymous_0)
FNF:1
FNH:1
FNDA:2,(anonymous_0)
DA:12,5
DA:32,5
DA:33,2
DA:39,5
DA:44,5
LF:5
LH:5
BRF:0
BRH:0
end_of_record
TN:
SF:/Users/moinaksaha/Personal/git/goExchange/challenges/src/components/Card/index.js
FN:25,(anonymous_0)
FN:83,(anonymous_1)
FN:92,(anonymous_2)
FN:99,(anonymous_3)
FN:105,(anonymous_4)
FNF:5
FNH:3
FNDA:0,(anonymous_0)
FNDA:10,(anonymous_1)
FNDA:2,(anonymous_2)
FNDA:0,(anonymous_3)
FNDA:12,(anonymous_4)
DA:23,3
DA:25,0
DA:36,3
DA:45,3
DA:61,3
DA:69,3
DA:75,3
DA:84,10
DA:86,10
DA:93,2
DA:100,0
DA:106,12
DA:107,12
DA:108,12
DA:110,12
DA:139,3
DA:145,3
LF:17
LH:15
BRDA:122,0,0,12
BRDA:122,0,1,1
BRF:2
BRH:2
end_of_record
TN:
SF:/Users/moinaksaha/Personal/git/goExchange/challenges/src/components/DonationPage/index.js
FN:46,(anonymous_0)
FN:55,(anonymous_1)
FN:62,(anonymous_2)
FN:65,(anonymous_3)
FN:71,(anonymous_4)
FN:77,(anonymous_5)
FN:110,(anonymous_6)
FN:133,(anonymous_7)
FN:140,(anonymous_8)
FNF:9
FNH:0
FNDA:0,(anonymous_0)
FNDA:0,(anonymous_1)
FNDA:0,(anonymous_2)
FNDA:0,(anonymous_3)
FNDA:0,(anonymous_4)
FNDA:0,(anonymous_5)
FNDA:0,(anonymous_6)
FNDA:0,(anonymous_7)
FNDA:0,(anonymous_8)
DA:36,2
DA:47,0
DA:49,0
DA:56,0
DA:57,0
DA:58,0
DA:63,0
DA:64,0
DA:65,0
DA:67,0
DA:72,0
DA:78,0
DA:79,0
DA:81,0
DA:82,0
DA:85,0
DA:86,0
DA:88,0
DA:89,0
DA:99,0
DA:103,0
DA:111,0
DA:126,2
DA:133,2
DA:134,0
DA:140,2
DA:141,0
LF:27
LH:4
BRDA:64,0,0,0
BRDA:64,0,1,0
BRDA:64,1,0,0
BRDA:64,1,1,0
BRDA:64,1,2,0
BRDA:73,2,0,0
BRDA:73,2,1,0
BRDA:81,3,0,0
BRDA:81,3,1,0
BRDA:85,4,0,0
BRDA:85,4,1,0
BRDA:88,5,0,0
BRDA:88,5,1,0
BRDA:88,6,0,0
BRDA:88,6,1,0
BRDA:88,6,2,0
BRDA:99,7,0,0
BRDA:99,7,1,0
BRDA:99,8,0,0
BRDA:99,8,1,0
BRDA:99,8,2,0
BRF:21
BRH:0
end_of_record
TN:
SF:/Users/moinaksaha/Personal/git/goExchange/challenges/src/components/GenericError/index.js
FN:28,(anonymous_0)
FNF:1
FNH:1
FNDA:2,(anonymous_0)
DA:11,3
DA:28,3
DA:29,2
LF:3
LH:3
BRF:0
BRH:0
end_of_record
TN:
SF:/Users/moinaksaha/Personal/git/goExchange/challenges/src/components/GenericLoader/index.js
FN:31,(anonymous_0)
FNF:1
FNH:1
FNDA:2,(anonymous_0)
DA:14,3
DA:31,3
DA:32,2
LF:3
LH:3
BRF:0
BRH:0
end_of_record
TN:
SF:/Users/moinaksaha/Personal/git/goExchange/challenges/src/components/GenericMessage/index.js
FN:13,(anonymous_0)
FN:23,(anonymous_1)
FN:48,(anonymous_2)
FNF:3
FNH:2
FNDA:0,(anonymous_0)
FNDA:2,(anonymous_1)
FNDA:2,(anonymous_2)
DA:12,5
DA:13,0
DA:16,5
DA:23,5
DA:24,2
DA:26,0
DA:30,2
DA:34,0
DA:38,0
DA:42,0
DA:48,5
DA:49,2
DA:57,5
DA:63,5
LF:14
LH:9
BRDA:24,0,0,0
BRDA:24,0,1,2
BRDA:24,0,2,0
BRDA:24,0,3,0
BRDA:24,0,4,0
BRF:5
BRH:1
end_of_record
TN:
SF:/Users/moinaksaha/Personal/git/goExchange/challenges/src/components/GenericNoData/index.js
FN:28,(anonymous_0)
FNF:1
FNH:1
FNDA:2,(anonymous_0)
DA:11,3
DA:28,3
DA:29,2
LF:3
LH:3
BRF:0
BRH:0
end_of_record
TN:
SF:/Users/moinaksaha/Personal/git/goExchange/challenges/src/components/Header/index.js
FN:24,(anonymous_0)
FN:29,(anonymous_1)
FN:43,(anonymous_2)
FN:66,(anonymous_3)
FN:73,(anonymous_4)
FN:77,(anonymous_5)
FNF:6
FNH:1
FNDA:0,(anonymous_0)
FNDA:0,(anonymous_1)
FNDA:0,(anonymous_2)
FNDA:0,(anonymous_3)
FNDA:2,(anonymous_4)
FNDA:0,(anonymous_5)
DA:13,3
DA:24,0
DA:29,0
DA:39,3
DA:43,0
DA:51,3
DA:66,0
DA:73,3
DA:74,2
DA:75,2
DA:77,2
DA:78,0
DA:83,2
DA:96,0
DA:100,3
DA:105,3
LF:16
LH:10
BRDA:24,0,0,0
BRDA:24,0,1,0
BRDA:29,1,0,0
BRDA:29,1,1,0
BRDA:43,2,0,0
BRDA:43,2,1,0
BRDA:66,3,0,0
BRDA:66,3,1,0
BRDA:74,4,0,2
BRDA:74,4,1,0
BRDA:78,5,0,0
BRDA:78,5,1,0
BRDA:88,6,0,2
BRDA:88,6,1,2
BRF:14
BRH:3
end_of_record
TN:
SF:/Users/moinaksaha/Personal/git/goExchange/challenges/src/components/PaymentMask/index.js
FN:101,(anonymous_0)
FN:112,(anonymous_1)
FN:114,(anonymous_2)
FN:121,(anonymous_3)
FN:129,(anonymous_4)
FN:138,(anonymous_5)
FN:146,(anonymous_6)
FN:168,(anonymous_7)
FN:175,(anonymous_8)
FN:185,(anonymous_9)
FN:287,(anonymous_10)
FN:293,(anonymous_11)
FNF:12
FNH:0
FNDA:0,(anonymous_0)
FNDA:0,(anonymous_1)
FNDA:0,(anonymous_2)
FNDA:0,(anonymous_3)
FNDA:0,(anonymous_4)
FNDA:0,(anonymous_5)
FNDA:0,(anonymous_6)
FNDA:0,(anonymous_7)
FNDA:0,(anonymous_8)
FNDA:0,(anonymous_9)
FNDA:0,(anonymous_10)
FNDA:0,(anonymous_11)
DA:28,4
DA:38,4
DA:62,4
DA:73,4
DA:83,4
DA:91,4
DA:102,0
DA:104,0
DA:113,0
DA:114,0
DA:115,0
DA:122,0
DA:123,0
DA:124,0
DA:125,0
DA:130,0
DA:139,0
DA:140,0
DA:141,0
DA:147,0
DA:148,0
DA:149,0
DA:150,0
DA:151,0
DA:154,0
DA:161,0
DA:169,0
DA:176,0
DA:177,0
DA:180,0
DA:181,0
DA:185,0
DA:186,0
DA:199,0
DA:201,0
DA:202,0
DA:216,0
DA:217,0
DA:230,0
DA:231,0
DA:243,0
DA:247,0
DA:268,4
DA:283,4
DA:287,4
DA:288,0
DA:293,4
DA:294,0
LF:48
LH:10
BRDA:113,0,0,0
BRDA:113,0,1,0
BRDA:113,1,0,0
BRDA:113,1,1,0
BRDA:150,2,0,0
BRDA:150,2,1,0
BRDA:180,3,0,0
BRDA:180,3,1,0
BRDA:199,4,0,0
BRDA:199,4,1,0
BRDA:201,5,0,0
BRDA:201,5,1,0
BRDA:216,6,0,0
BRDA:216,6,1,0
BRDA:230,7,0,0
BRDA:230,7,1,0
BRDA:257,8,0,0
BRDA:257,8,1,0
BRF:18
BRH:0
end_of_record
TN:
SF:/Users/moinaksaha/Personal/git/goExchange/challenges/src/containers/App/index.js
FN:30,(anonymous_0)
FNF:1
FNH:1
FNDA:2,(anonymous_0)
DA:15,1
DA:21,1
DA:31,2
LF:3
LH:3
BRF:0
BRH:0
end_of_record
TN:
SF:/Users/moinaksaha/Personal/git/goExchange/challenges/src/store/store.js
FNF:0
FNH:0
DA:10,0
DA:12,0
DA:13,0
DA:14,0
DA:19,0
DA:20,0
DA:22,0
DA:23,0
DA:27,0
DA:32,0
LF:10
LH:0
BRDA:19,0,0,0
BRDA:19,0,1,0
BRDA:22,1,0,0
BRDA:22,1,1,0
BRF:4
BRH:0
end_of_record
TN:
SF:/Users/moinaksaha/Personal/git/goExchange/challenges/src/store/actions/charities.js
FN:17,fetchAllCharities
FN:20,(anonymous_1)
FNF:2
FNH:0
FNDA:0,fetchAllCharities
FNDA:0,(anonymous_1)
DA:12,2
DA:18,0
DA:20,0
LF:3
LH:1
BRF:0
BRH:0
end_of_record
TN:
SF:/Users/moinaksaha/Personal/git/goExchange/challenges/src/store/actions/donations.js
FN:21,fetchAllDonations
FN:24,(anonymous_1)
FN:29,makePayment
FN:32,(anonymous_3)
FN:42,clearPaymentInProgressData
FNF:5
FNH:0
FNDA:0,fetchAllDonations
FNDA:0,(anonymous_1)
FNDA:0,makePayment
FNDA:0,(anonymous_3)
FNDA:0,clearPaymentInProgressData
DA:16,4
DA:22,0
DA:24,0
DA:30,0
DA:32,0
DA:43,0
LF:6
LH:1
BRF:0
BRH:0
end_of_record
TN:
SF:/Users/moinaksaha/Personal/git/goExchange/challenges/src/store/constants/charities.js
FNF:0
FNH:0
DA:1,2
DA:2,2
DA:3,2
LF:3
LH:3
BRF:0
BRH:0
end_of_record
TN:
SF:/Users/moinaksaha/Personal/git/goExchange/challenges/src/store/constants/donations.js
FNF:0
FNH:0
DA:1,4
DA:2,4
DA:3,4
DA:5,4
DA:6,4
DA:7,4
DA:9,4
DA:11,4
DA:12,4
DA:13,4
LF:10
LH:10
BRF:0
BRH:0
end_of_record
TN:
SF:/Users/moinaksaha/Personal/git/goExchange/challenges/src/store/middleware/augmentorMiddleware.js
FN:12,augmentorMiddleware
FN:13,(anonymous_1)
FN:14,(anonymous_2)
FN:14,(anonymous_3)
FN:31,(anonymous_4)
FN:34,(anonymous_5)
FNF:6
FNH:0
FNDA:0,augmentorMiddleware
FNDA:0,(anonymous_1)
FNDA:0,(anonymous_2)
FNDA:0,(anonymous_3)
FNDA:0,(anonymous_4)
FNDA:0,(anonymous_5)
DA:13,0
DA:14,0
DA:15,0
DA:16,0
DA:19,0
DA:20,0
DA:21,0
DA:24,0
DA:25,0
DA:27,0
DA:29,0
DA:31,0
DA:35,0
DA:42,0
DA:45,0
DA:46,0
DA:49,0
LF:17
LH:0
BRDA:15,0,0,0
BRDA:15,0,1,0
BRDA:20,1,0,0
BRDA:20,1,1,0
BRDA:35,2,0,0
BRDA:35,2,1,0
BRDA:36,3,0,0
BRDA:36,3,1,0
BRDA:36,3,2,0
BRDA:36,3,3,0
BRF:10
BRH:0
end_of_record
TN:
SF:/Users/moinaksaha/Personal/git/goExchange/challenges/src/store/reducers/charities.js
FN:15,reducer
FNF:1
FNH:0
FNDA:0,reducer
DA:7,0
DA:16,0
DA:18,0
DA:27,0
DA:37,0
DA:48,0
LF:6
LH:0
BRDA:15,0,0,0
BRDA:15,1,0,0
BRDA:16,2,0,0
BRDA:16,2,1,0
BRDA:16,2,2,0
BRDA:16,2,3,0
BRF:6
BRH:0
end_of_record
TN:
SF:/Users/moinaksaha/Personal/git/goExchange/challenges/src/store/reducers/donations.js
FN:24,reducer
FNF:1
FNH:0
FNDA:0,reducer
DA:11,0
DA:25,0
DA:27,0
DA:36,0
DA:46,0
DA:56,0
DA:66,0
DA:67,0
DA:81,0
DA:91,0
DA:99,0
LF:11
LH:0
BRDA:24,0,0,0
BRDA:24,1,0,0
BRDA:25,2,0,0
BRDA:25,2,1,0
BRDA:25,2,2,0
BRDA:25,2,3,0
BRDA:25,2,4,0
BRDA:25,2,5,0
BRDA:25,2,6,0
BRDA:25,2,7,0
BRF:10
BRH:0
end_of_record
TN:
SF:/Users/moinaksaha/Personal/git/goExchange/challenges/src/store/reducers/index.js
FNF:0
FNH:0
LF:0
LH:0
BRF:0
BRH:0
end_of_record
TN:
SF:/Users/moinaksaha/Personal/git/goExchange/challenges/src/utils/createRestApiClient.js
FN:8,(anonymous_0)
FN:13,(anonymous_1)
FN:18,(anonymous_2)
FN:19,(anonymous_3)
FNF:4
FNH:3
FNDA:6,(anonymous_0)
FNDA:0,(anonymous_1)
FNDA:6,(anonymous_2)
FNDA:6,(anonymous_3)
DA:5,4
DA:10,6
DA:14,0
DA:18,6
DA:19,6
LF:5
LH:4
BRF:0
BRH:0
end_of_record
TN:
SF:/Users/moinaksaha/Personal/git/goExchange/challenges/src/utils/helpers.js
FN:1,(anonymous_0)
FN:3,(anonymous_1)
FN:8,(anonymous_2)
FN:11,(anonymous_3)
FN:30,(anonymous_4)
FN:32,(anonymous_5)
FNF:6
FNH:6
FNDA:2,(anonymous_0)
FNDA:3,(anonymous_1)
FNDA:2,(anonymous_2)
FNDA:6,(anonymous_3)
FNDA:14,(anonymous_4)
FNDA:3,(anonymous_5)
DA:1,4
DA:2,2
DA:3,3
DA:5,1
DA:8,4
DA:10,2
DA:11,1
DA:12,6
DA:13,6
DA:14,2
DA:16,4
DA:19,6
DA:22,1
DA:25,1
DA:30,4
DA:31,14
DA:32,2
DA:33,3
DA:41,2
DA:43,12
LF:20
LH:20
BRDA:2,0,0,1
BRDA:2,0,1,1
BRDA:2,1,0,2
BRDA:2,1,1,1
BRDA:3,2,0,3
BRDA:3,2,1,0
BRDA:10,3,0,1
BRDA:10,3,1,1
BRDA:10,4,0,2
BRDA:10,4,1,1
BRDA:12,5,0,6
BRDA:12,5,1,0
BRDA:12,6,0,6
BRDA:12,6,1,6
BRDA:12,6,2,6
BRDA:12,6,3,6
BRDA:13,7,0,2
BRDA:13,7,1,4
BRDA:31,8,0,2
BRDA:31,8,1,12
BRDA:31,9,0,14
BRDA:31,9,1,13
BRDA:35,10,0,1
BRDA:35,10,1,2
BRF:24
BRH:22
end_of_record
TN:
SF:/Users/moinaksaha/Personal/git/goExchange/challenges/src/utils/testUtils.js
FN:15,(anonymous_0)
FN:20,mountWrap
FN:24,shallowWrap
FNF:3
FNH:2
FNDA:2,(anonymous_0)
FNDA:0,mountWrap
FNDA:2,shallowWrap
DA:7,1
DA:15,2
DA:21,0
DA:25,2
LF:4
LH:3
BRF:0
BRH:0
end_of_record
